ERROR - 2023-07-09 14:47:32 --> Error connecting to the database: mysqli_sql_exception: Access denied for user 'root'@'localhost' in /home/flavioepimentel/Área de Trabalho/PDI/projeto_portfólio/example-crud-php-fullstack/system/Database/MySQLi/Connection.php:174
Stack trace:
#0 /home/flavioepimentel/Área de Trabalho/PDI/projeto_portfólio/example-crud-php-fullstack/system/Database/MySQLi/Connection.php(174): mysqli->real_connect()
#1 /home/flavioepimentel/Área de Trabalho/PDI/projeto_portfólio/example-crud-php-fullstack/system/Database/BaseConnection.php(391): CodeIgniter\Database\MySQLi\Connection->connect()
#2 /home/flavioepimentel/Área de Trabalho/PDI/projeto_portfólio/example-crud-php-fullstack/system/Database/BaseConnection.php(574): CodeIgniter\Database\BaseConnection->initialize()
#3 /home/flavioepimentel/Área de Trabalho/PDI/projeto_portfólio/example-crud-php-fullstack/system/Database/BaseBuilder.php(1616): CodeIgniter\Database\BaseConnection->query()
#4 /home/flavioepimentel/Área de Trabalho/PDI/projeto_portfólio/example-crud-php-fullstack/system/Model.php(241): CodeIgniter\Database\BaseBuilder->get()
#5 /home/flavioepimentel/Área de Trabalho/PDI/projeto_portfólio/example-crud-php-fullstack/system/BaseModel.php(618): CodeIgniter\Model->doFindAll()
#6 /home/flavioepimentel/Área de Trabalho/PDI/projeto_portfólio/example-crud-php-fullstack/app/Controllers/User.php(20): CodeIgniter\BaseModel->findAll()
#7 /home/flavioepimentel/Área de Trabalho/PDI/projeto_portfólio/example-crud-php-fullstack/system/CodeIgniter.php(932): App\Controllers\User->getIndex()
#8 /home/flavioepimentel/Área de Trabalho/PDI/projeto_portfólio/example-crud-php-fullstack/system/CodeIgniter.php(497): CodeIgniter\CodeIgniter->runController()
#9 /home/flavioepimentel/Área de Trabalho/PDI/projeto_portfólio/example-crud-php-fullstack/system/CodeIgniter.php(366): CodeIgniter\CodeIgniter->handleRequest()
#10 /home/flavioepimentel/Área de Trabalho/PDI/projeto_portfólio/example-crud-php-fullstack/public/index.php(67): CodeIgniter\CodeIgniter->run()
#11 /home/flavioepimentel/Área de Trabalho/PDI/projeto_portfólio/example-crud-php-fullstack/system/Commands/Server/rewrite.php(47): require_once('...')
#12 {main}

Next CodeIgniter\Database\Exceptions\DatabaseException: Access denied for user '****'@'localhost' in /home/flavioepimentel/Área de Trabalho/PDI/projeto_portfólio/example-crud-php-fullstack/system/Database/MySQLi/Connection.php:218
Stack trace:
#0 /home/flavioepimentel/Área de Trabalho/PDI/projeto_portfólio/example-crud-php-fullstack/system/Database/BaseConnection.php(391): CodeIgniter\Database\MySQLi\Connection->connect()
#1 /home/flavioepimentel/Área de Trabalho/PDI/projeto_portfólio/example-crud-php-fullstack/system/Database/BaseConnection.php(574): CodeIgniter\Database\BaseConnection->initialize()
#2 /home/flavioepimentel/Área de Trabalho/PDI/projeto_portfólio/example-crud-php-fullstack/system/Database/BaseBuilder.php(1616): CodeIgniter\Database\BaseConnection->query()
#3 /home/flavioepimentel/Área de Trabalho/PDI/projeto_portfólio/example-crud-php-fullstack/system/Model.php(241): CodeIgniter\Database\BaseBuilder->get()
#4 /home/flavioepimentel/Área de Trabalho/PDI/projeto_portfólio/example-crud-php-fullstack/system/BaseModel.php(618): CodeIgniter\Model->doFindAll()
#5 /home/flavioepimentel/Área de Trabalho/PDI/projeto_portfólio/example-crud-php-fullstack/app/Controllers/User.php(20): CodeIgniter\BaseModel->findAll()
#6 /home/flavioepimentel/Área de Trabalho/PDI/projeto_portfólio/example-crud-php-fullstack/system/CodeIgniter.php(932): App\Controllers\User->getIndex()
#7 /home/flavioepimentel/Área de Trabalho/PDI/projeto_portfólio/example-crud-php-fullstack/system/CodeIgniter.php(497): CodeIgniter\CodeIgniter->runController()
#8 /home/flavioepimentel/Área de Trabalho/PDI/projeto_portfólio/example-crud-php-fullstack/system/CodeIgniter.php(366): CodeIgniter\CodeIgniter->handleRequest()
#9 /home/flavioepimentel/Área de Trabalho/PDI/projeto_portfólio/example-crud-php-fullstack/public/index.php(67): CodeIgniter\CodeIgniter->run()
#10 /home/flavioepimentel/Área de Trabalho/PDI/projeto_portfólio/example-crud-php-fullstack/system/Commands/Server/rewrite.php(47): require_once('...')
#11 {main}
CRITICAL - 2023-07-09 14:47:32 --> Unable to connect to the database.
Main connection [MySQLi]: Access denied for user '****'@'localhost'
in SYSTEMPATH/Database/BaseConnection.php on line 427.
 1 SYSTEMPATH/Database/BaseConnection.php(574): CodeIgniter\Database\BaseConnection->initialize()
 2 SYSTEMPATH/Database/BaseBuilder.php(1616): CodeIgniter\Database\BaseConnection->query()
 3 SYSTEMPATH/Model.php(241): CodeIgniter\Database\BaseBuilder->get()
 4 SYSTEMPATH/BaseModel.php(618): CodeIgniter\Model->doFindAll()
 5 APPPATH/Controllers/User.php(20): CodeIgniter\BaseModel->findAll()
 6 SYSTEMPATH/CodeIgniter.php(932): App\Controllers\User->getIndex()
 7 SYSTEMPATH/CodeIgniter.php(497): CodeIgniter\CodeIgniter->runController()
 8 SYSTEMPATH/CodeIgniter.php(366): CodeIgniter\CodeIgniter->handleRequest()
 9 FCPATH/index.php(67): CodeIgniter\CodeIgniter->run()
10 SYSTEMPATH/Commands/Server/rewrite.php(47): require_once('/home/flavioepimentel/Área de Trabalho/PDI/projeto_portfólio/example-crud-php-fullstack/public/index.php')
ERROR - 2023-07-09 15:01:49 --> Error connecting to the database: mysqli_sql_exception: Unknown database 'users' in /home/flavioepimentel/Área de Trabalho/PDI/projeto_portfólio/example-crud-php-fullstack/system/Database/MySQLi/Connection.php:174
Stack trace:
#0 /home/flavioepimentel/Área de Trabalho/PDI/projeto_portfólio/example-crud-php-fullstack/system/Database/MySQLi/Connection.php(174): mysqli->real_connect()
#1 /home/flavioepimentel/Área de Trabalho/PDI/projeto_portfólio/example-crud-php-fullstack/system/Database/BaseConnection.php(391): CodeIgniter\Database\MySQLi\Connection->connect()
#2 /home/flavioepimentel/Área de Trabalho/PDI/projeto_portfólio/example-crud-php-fullstack/system/Database/BaseConnection.php(574): CodeIgniter\Database\BaseConnection->initialize()
#3 /home/flavioepimentel/Área de Trabalho/PDI/projeto_portfólio/example-crud-php-fullstack/system/Database/BaseBuilder.php(1616): CodeIgniter\Database\BaseConnection->query()
#4 /home/flavioepimentel/Área de Trabalho/PDI/projeto_portfólio/example-crud-php-fullstack/system/Model.php(241): CodeIgniter\Database\BaseBuilder->get()
#5 /home/flavioepimentel/Área de Trabalho/PDI/projeto_portfólio/example-crud-php-fullstack/system/BaseModel.php(618): CodeIgniter\Model->doFindAll()
#6 /home/flavioepimentel/Área de Trabalho/PDI/projeto_portfólio/example-crud-php-fullstack/app/Controllers/User.php(20): CodeIgniter\BaseModel->findAll()
#7 /home/flavioepimentel/Área de Trabalho/PDI/projeto_portfólio/example-crud-php-fullstack/system/CodeIgniter.php(932): App\Controllers\User->getIndex()
#8 /home/flavioepimentel/Área de Trabalho/PDI/projeto_portfólio/example-crud-php-fullstack/system/CodeIgniter.php(497): CodeIgniter\CodeIgniter->runController()
#9 /home/flavioepimentel/Área de Trabalho/PDI/projeto_portfólio/example-crud-php-fullstack/system/CodeIgniter.php(366): CodeIgniter\CodeIgniter->handleRequest()
#10 /home/flavioepimentel/Área de Trabalho/PDI/projeto_portfólio/example-crud-php-fullstack/public/index.php(67): CodeIgniter\CodeIgniter->run()
#11 /home/flavioepimentel/Área de Trabalho/PDI/projeto_portfólio/example-crud-php-fullstack/system/Commands/Server/rewrite.php(47): require_once('...')
#12 {main}

Next CodeIgniter\Database\Exceptions\DatabaseException: Unknown database 'users' in /home/flavioepimentel/Área de Trabalho/PDI/projeto_portfólio/example-crud-php-fullstack/system/Database/MySQLi/Connection.php:218
Stack trace:
#0 /home/flavioepimentel/Área de Trabalho/PDI/projeto_portfólio/example-crud-php-fullstack/system/Database/BaseConnection.php(391): CodeIgniter\Database\MySQLi\Connection->connect()
#1 /home/flavioepimentel/Área de Trabalho/PDI/projeto_portfólio/example-crud-php-fullstack/system/Database/BaseConnection.php(574): CodeIgniter\Database\BaseConnection->initialize()
#2 /home/flavioepimentel/Área de Trabalho/PDI/projeto_portfólio/example-crud-php-fullstack/system/Database/BaseBuilder.php(1616): CodeIgniter\Database\BaseConnection->query()
#3 /home/flavioepimentel/Área de Trabalho/PDI/projeto_portfólio/example-crud-php-fullstack/system/Model.php(241): CodeIgniter\Database\BaseBuilder->get()
#4 /home/flavioepimentel/Área de Trabalho/PDI/projeto_portfólio/example-crud-php-fullstack/system/BaseModel.php(618): CodeIgniter\Model->doFindAll()
#5 /home/flavioepimentel/Área de Trabalho/PDI/projeto_portfólio/example-crud-php-fullstack/app/Controllers/User.php(20): CodeIgniter\BaseModel->findAll()
#6 /home/flavioepimentel/Área de Trabalho/PDI/projeto_portfólio/example-crud-php-fullstack/system/CodeIgniter.php(932): App\Controllers\User->getIndex()
#7 /home/flavioepimentel/Área de Trabalho/PDI/projeto_portfólio/example-crud-php-fullstack/system/CodeIgniter.php(497): CodeIgniter\CodeIgniter->runController()
#8 /home/flavioepimentel/Área de Trabalho/PDI/projeto_portfólio/example-crud-php-fullstack/system/CodeIgniter.php(366): CodeIgniter\CodeIgniter->handleRequest()
#9 /home/flavioepimentel/Área de Trabalho/PDI/projeto_portfólio/example-crud-php-fullstack/public/index.php(67): CodeIgniter\CodeIgniter->run()
#10 /home/flavioepimentel/Área de Trabalho/PDI/projeto_portfólio/example-crud-php-fullstack/system/Commands/Server/rewrite.php(47): require_once('...')
#11 {main}
CRITICAL - 2023-07-09 15:01:49 --> Unable to connect to the database.
Main connection [MySQLi]: Unknown database 'users'
in SYSTEMPATH/Database/BaseConnection.php on line 427.
 1 SYSTEMPATH/Database/BaseConnection.php(574): CodeIgniter\Database\BaseConnection->initialize()
 2 SYSTEMPATH/Database/BaseBuilder.php(1616): CodeIgniter\Database\BaseConnection->query()
 3 SYSTEMPATH/Model.php(241): CodeIgniter\Database\BaseBuilder->get()
 4 SYSTEMPATH/BaseModel.php(618): CodeIgniter\Model->doFindAll()
 5 APPPATH/Controllers/User.php(20): CodeIgniter\BaseModel->findAll()
 6 SYSTEMPATH/CodeIgniter.php(932): App\Controllers\User->getIndex()
 7 SYSTEMPATH/CodeIgniter.php(497): CodeIgniter\CodeIgniter->runController()
 8 SYSTEMPATH/CodeIgniter.php(366): CodeIgniter\CodeIgniter->handleRequest()
 9 FCPATH/index.php(67): CodeIgniter\CodeIgniter->run()
10 SYSTEMPATH/Commands/Server/rewrite.php(47): require_once('/home/flavioepimentel/Área de Trabalho/PDI/projeto_portfólio/example-crud-php-fullstack/public/index.php')
ERROR - 2023-07-09 19:09:11 --> Error connecting to the database: mysqli_sql_exception: Unknown database 'users' in /home/flavioepimentel/Área de Trabalho/PDI/projeto_portfólio/example-crud-php-fullstack/system/Database/MySQLi/Connection.php:174
Stack trace:
#0 /home/flavioepimentel/Área de Trabalho/PDI/projeto_portfólio/example-crud-php-fullstack/system/Database/MySQLi/Connection.php(174): mysqli->real_connect()
#1 /home/flavioepimentel/Área de Trabalho/PDI/projeto_portfólio/example-crud-php-fullstack/system/Database/BaseConnection.php(391): CodeIgniter\Database\MySQLi\Connection->connect()
#2 /home/flavioepimentel/Área de Trabalho/PDI/projeto_portfólio/example-crud-php-fullstack/system/Database/BaseConnection.php(574): CodeIgniter\Database\BaseConnection->initialize()
#3 /home/flavioepimentel/Área de Trabalho/PDI/projeto_portfólio/example-crud-php-fullstack/system/Database/BaseBuilder.php(1616): CodeIgniter\Database\BaseConnection->query()
#4 /home/flavioepimentel/Área de Trabalho/PDI/projeto_portfólio/example-crud-php-fullstack/system/Model.php(241): CodeIgniter\Database\BaseBuilder->get()
#5 /home/flavioepimentel/Área de Trabalho/PDI/projeto_portfólio/example-crud-php-fullstack/system/BaseModel.php(618): CodeIgniter\Model->doFindAll()
#6 /home/flavioepimentel/Área de Trabalho/PDI/projeto_portfólio/example-crud-php-fullstack/app/Controllers/User.php(20): CodeIgniter\BaseModel->findAll()
#7 /home/flavioepimentel/Área de Trabalho/PDI/projeto_portfólio/example-crud-php-fullstack/system/CodeIgniter.php(932): App\Controllers\User->getIndex()
#8 /home/flavioepimentel/Área de Trabalho/PDI/projeto_portfólio/example-crud-php-fullstack/system/CodeIgniter.php(497): CodeIgniter\CodeIgniter->runController()
#9 /home/flavioepimentel/Área de Trabalho/PDI/projeto_portfólio/example-crud-php-fullstack/system/CodeIgniter.php(366): CodeIgniter\CodeIgniter->handleRequest()
#10 /home/flavioepimentel/Área de Trabalho/PDI/projeto_portfólio/example-crud-php-fullstack/public/index.php(67): CodeIgniter\CodeIgniter->run()
#11 /home/flavioepimentel/Área de Trabalho/PDI/projeto_portfólio/example-crud-php-fullstack/system/Commands/Server/rewrite.php(47): require_once('...')
#12 {main}

Next CodeIgniter\Database\Exceptions\DatabaseException: Unknown database 'users' in /home/flavioepimentel/Área de Trabalho/PDI/projeto_portfólio/example-crud-php-fullstack/system/Database/MySQLi/Connection.php:218
Stack trace:
#0 /home/flavioepimentel/Área de Trabalho/PDI/projeto_portfólio/example-crud-php-fullstack/system/Database/BaseConnection.php(391): CodeIgniter\Database\MySQLi\Connection->connect()
#1 /home/flavioepimentel/Área de Trabalho/PDI/projeto_portfólio/example-crud-php-fullstack/system/Database/BaseConnection.php(574): CodeIgniter\Database\BaseConnection->initialize()
#2 /home/flavioepimentel/Área de Trabalho/PDI/projeto_portfólio/example-crud-php-fullstack/system/Database/BaseBuilder.php(1616): CodeIgniter\Database\BaseConnection->query()
#3 /home/flavioepimentel/Área de Trabalho/PDI/projeto_portfólio/example-crud-php-fullstack/system/Model.php(241): CodeIgniter\Database\BaseBuilder->get()
#4 /home/flavioepimentel/Área de Trabalho/PDI/projeto_portfólio/example-crud-php-fullstack/system/BaseModel.php(618): CodeIgniter\Model->doFindAll()
#5 /home/flavioepimentel/Área de Trabalho/PDI/projeto_portfólio/example-crud-php-fullstack/app/Controllers/User.php(20): CodeIgniter\BaseModel->findAll()
#6 /home/flavioepimentel/Área de Trabalho/PDI/projeto_portfólio/example-crud-php-fullstack/system/CodeIgniter.php(932): App\Controllers\User->getIndex()
#7 /home/flavioepimentel/Área de Trabalho/PDI/projeto_portfólio/example-crud-php-fullstack/system/CodeIgniter.php(497): CodeIgniter\CodeIgniter->runController()
#8 /home/flavioepimentel/Área de Trabalho/PDI/projeto_portfólio/example-crud-php-fullstack/system/CodeIgniter.php(366): CodeIgniter\CodeIgniter->handleRequest()
#9 /home/flavioepimentel/Área de Trabalho/PDI/projeto_portfólio/example-crud-php-fullstack/public/index.php(67): CodeIgniter\CodeIgniter->run()
#10 /home/flavioepimentel/Área de Trabalho/PDI/projeto_portfólio/example-crud-php-fullstack/system/Commands/Server/rewrite.php(47): require_once('...')
#11 {main}
CRITICAL - 2023-07-09 19:09:11 --> Unable to connect to the database.
Main connection [MySQLi]: Unknown database 'users'
in SYSTEMPATH/Database/BaseConnection.php on line 427.
 1 SYSTEMPATH/Database/BaseConnection.php(574): CodeIgniter\Database\BaseConnection->initialize()
 2 SYSTEMPATH/Database/BaseBuilder.php(1616): CodeIgniter\Database\BaseConnection->query()
 3 SYSTEMPATH/Model.php(241): CodeIgniter\Database\BaseBuilder->get()
 4 SYSTEMPATH/BaseModel.php(618): CodeIgniter\Model->doFindAll()
 5 APPPATH/Controllers/User.php(20): CodeIgniter\BaseModel->findAll()
 6 SYSTEMPATH/CodeIgniter.php(932): App\Controllers\User->getIndex()
 7 SYSTEMPATH/CodeIgniter.php(497): CodeIgniter\CodeIgniter->runController()
 8 SYSTEMPATH/CodeIgniter.php(366): CodeIgniter\CodeIgniter->handleRequest()
 9 FCPATH/index.php(67): CodeIgniter\CodeIgniter->run()
10 SYSTEMPATH/Commands/Server/rewrite.php(47): require_once('/home/flavioepimentel/Área de Trabalho/PDI/projeto_portfólio/example-crud-php-fullstack/public/index.php')
ERROR - 2023-07-09 19:25:02 --> Error connecting to the database: mysqli_sql_exception: Unknown database 'users' in /home/flavioepimentel/Área de Trabalho/PDI/projeto_portfólio/example-crud-php-fullstack/system/Database/MySQLi/Connection.php:174
Stack trace:
#0 /home/flavioepimentel/Área de Trabalho/PDI/projeto_portfólio/example-crud-php-fullstack/system/Database/MySQLi/Connection.php(174): mysqli->real_connect()
#1 /home/flavioepimentel/Área de Trabalho/PDI/projeto_portfólio/example-crud-php-fullstack/system/Database/BaseConnection.php(391): CodeIgniter\Database\MySQLi\Connection->connect()
#2 /home/flavioepimentel/Área de Trabalho/PDI/projeto_portfólio/example-crud-php-fullstack/system/Database/BaseConnection.php(574): CodeIgniter\Database\BaseConnection->initialize()
#3 /home/flavioepimentel/Área de Trabalho/PDI/projeto_portfólio/example-crud-php-fullstack/system/Database/BaseBuilder.php(1616): CodeIgniter\Database\BaseConnection->query()
#4 /home/flavioepimentel/Área de Trabalho/PDI/projeto_portfólio/example-crud-php-fullstack/system/Model.php(241): CodeIgniter\Database\BaseBuilder->get()
#5 /home/flavioepimentel/Área de Trabalho/PDI/projeto_portfólio/example-crud-php-fullstack/system/BaseModel.php(618): CodeIgniter\Model->doFindAll()
#6 /home/flavioepimentel/Área de Trabalho/PDI/projeto_portfólio/example-crud-php-fullstack/app/Controllers/User.php(20): CodeIgniter\BaseModel->findAll()
#7 /home/flavioepimentel/Área de Trabalho/PDI/projeto_portfólio/example-crud-php-fullstack/system/CodeIgniter.php(932): App\Controllers\User->getIndex()
#8 /home/flavioepimentel/Área de Trabalho/PDI/projeto_portfólio/example-crud-php-fullstack/system/CodeIgniter.php(497): CodeIgniter\CodeIgniter->runController()
#9 /home/flavioepimentel/Área de Trabalho/PDI/projeto_portfólio/example-crud-php-fullstack/system/CodeIgniter.php(366): CodeIgniter\CodeIgniter->handleRequest()
#10 /home/flavioepimentel/Área de Trabalho/PDI/projeto_portfólio/example-crud-php-fullstack/public/index.php(67): CodeIgniter\CodeIgniter->run()
#11 /home/flavioepimentel/Área de Trabalho/PDI/projeto_portfólio/example-crud-php-fullstack/system/Commands/Server/rewrite.php(47): require_once('...')
#12 {main}

Next CodeIgniter\Database\Exceptions\DatabaseException: Unknown database 'users' in /home/flavioepimentel/Área de Trabalho/PDI/projeto_portfólio/example-crud-php-fullstack/system/Database/MySQLi/Connection.php:218
Stack trace:
#0 /home/flavioepimentel/Área de Trabalho/PDI/projeto_portfólio/example-crud-php-fullstack/system/Database/BaseConnection.php(391): CodeIgniter\Database\MySQLi\Connection->connect()
#1 /home/flavioepimentel/Área de Trabalho/PDI/projeto_portfólio/example-crud-php-fullstack/system/Database/BaseConnection.php(574): CodeIgniter\Database\BaseConnection->initialize()
#2 /home/flavioepimentel/Área de Trabalho/PDI/projeto_portfólio/example-crud-php-fullstack/system/Database/BaseBuilder.php(1616): CodeIgniter\Database\BaseConnection->query()
#3 /home/flavioepimentel/Área de Trabalho/PDI/projeto_portfólio/example-crud-php-fullstack/system/Model.php(241): CodeIgniter\Database\BaseBuilder->get()
#4 /home/flavioepimentel/Área de Trabalho/PDI/projeto_portfólio/example-crud-php-fullstack/system/BaseModel.php(618): CodeIgniter\Model->doFindAll()
#5 /home/flavioepimentel/Área de Trabalho/PDI/projeto_portfólio/example-crud-php-fullstack/app/Controllers/User.php(20): CodeIgniter\BaseModel->findAll()
#6 /home/flavioepimentel/Área de Trabalho/PDI/projeto_portfólio/example-crud-php-fullstack/system/CodeIgniter.php(932): App\Controllers\User->getIndex()
#7 /home/flavioepimentel/Área de Trabalho/PDI/projeto_portfólio/example-crud-php-fullstack/system/CodeIgniter.php(497): CodeIgniter\CodeIgniter->runController()
#8 /home/flavioepimentel/Área de Trabalho/PDI/projeto_portfólio/example-crud-php-fullstack/system/CodeIgniter.php(366): CodeIgniter\CodeIgniter->handleRequest()
#9 /home/flavioepimentel/Área de Trabalho/PDI/projeto_portfólio/example-crud-php-fullstack/public/index.php(67): CodeIgniter\CodeIgniter->run()
#10 /home/flavioepimentel/Área de Trabalho/PDI/projeto_portfólio/example-crud-php-fullstack/system/Commands/Server/rewrite.php(47): require_once('...')
#11 {main}
CRITICAL - 2023-07-09 19:25:02 --> Unable to connect to the database.
Main connection [MySQLi]: Unknown database 'users'
in SYSTEMPATH/Database/BaseConnection.php on line 427.
 1 SYSTEMPATH/Database/BaseConnection.php(574): CodeIgniter\Database\BaseConnection->initialize()
 2 SYSTEMPATH/Database/BaseBuilder.php(1616): CodeIgniter\Database\BaseConnection->query()
 3 SYSTEMPATH/Model.php(241): CodeIgniter\Database\BaseBuilder->get()
 4 SYSTEMPATH/BaseModel.php(618): CodeIgniter\Model->doFindAll()
 5 APPPATH/Controllers/User.php(20): CodeIgniter\BaseModel->findAll()
 6 SYSTEMPATH/CodeIgniter.php(932): App\Controllers\User->getIndex()
 7 SYSTEMPATH/CodeIgniter.php(497): CodeIgniter\CodeIgniter->runController()
 8 SYSTEMPATH/CodeIgniter.php(366): CodeIgniter\CodeIgniter->handleRequest()
 9 FCPATH/index.php(67): CodeIgniter\CodeIgniter->run()
10 SYSTEMPATH/Commands/Server/rewrite.php(47): require_once('/home/flavioepimentel/Área de Trabalho/PDI/projeto_portfólio/example-crud-php-fullstack/public/index.php')
ERROR - 2023-07-09 19:38:29 --> Error connecting to the database: mysqli_sql_exception: Unknown database 'users' in /home/flavioepimentel/Área de Trabalho/PDI/projeto_portfólio/example-crud-php-fullstack/system/Database/MySQLi/Connection.php:174
Stack trace:
#0 /home/flavioepimentel/Área de Trabalho/PDI/projeto_portfólio/example-crud-php-fullstack/system/Database/MySQLi/Connection.php(174): mysqli->real_connect()
#1 /home/flavioepimentel/Área de Trabalho/PDI/projeto_portfólio/example-crud-php-fullstack/system/Database/BaseConnection.php(391): CodeIgniter\Database\MySQLi\Connection->connect()
#2 /home/flavioepimentel/Área de Trabalho/PDI/projeto_portfólio/example-crud-php-fullstack/system/Database/BaseConnection.php(574): CodeIgniter\Database\BaseConnection->initialize()
#3 /home/flavioepimentel/Área de Trabalho/PDI/projeto_portfólio/example-crud-php-fullstack/system/Database/BaseBuilder.php(1616): CodeIgniter\Database\BaseConnection->query()
#4 /home/flavioepimentel/Área de Trabalho/PDI/projeto_portfólio/example-crud-php-fullstack/system/Model.php(241): CodeIgniter\Database\BaseBuilder->get()
#5 /home/flavioepimentel/Área de Trabalho/PDI/projeto_portfólio/example-crud-php-fullstack/system/BaseModel.php(618): CodeIgniter\Model->doFindAll()
#6 /home/flavioepimentel/Área de Trabalho/PDI/projeto_portfólio/example-crud-php-fullstack/app/Controllers/User.php(20): CodeIgniter\BaseModel->findAll()
#7 /home/flavioepimentel/Área de Trabalho/PDI/projeto_portfólio/example-crud-php-fullstack/system/CodeIgniter.php(932): App\Controllers\User->getIndex()
#8 /home/flavioepimentel/Área de Trabalho/PDI/projeto_portfólio/example-crud-php-fullstack/system/CodeIgniter.php(497): CodeIgniter\CodeIgniter->runController()
#9 /home/flavioepimentel/Área de Trabalho/PDI/projeto_portfólio/example-crud-php-fullstack/system/CodeIgniter.php(366): CodeIgniter\CodeIgniter->handleRequest()
#10 /home/flavioepimentel/Área de Trabalho/PDI/projeto_portfólio/example-crud-php-fullstack/public/index.php(67): CodeIgniter\CodeIgniter->run()
#11 /home/flavioepimentel/Área de Trabalho/PDI/projeto_portfólio/example-crud-php-fullstack/system/Commands/Server/rewrite.php(47): require_once('...')
#12 {main}

Next CodeIgniter\Database\Exceptions\DatabaseException: Unknown database 'users' in /home/flavioepimentel/Área de Trabalho/PDI/projeto_portfólio/example-crud-php-fullstack/system/Database/MySQLi/Connection.php:218
Stack trace:
#0 /home/flavioepimentel/Área de Trabalho/PDI/projeto_portfólio/example-crud-php-fullstack/system/Database/BaseConnection.php(391): CodeIgniter\Database\MySQLi\Connection->connect()
#1 /home/flavioepimentel/Área de Trabalho/PDI/projeto_portfólio/example-crud-php-fullstack/system/Database/BaseConnection.php(574): CodeIgniter\Database\BaseConnection->initialize()
#2 /home/flavioepimentel/Área de Trabalho/PDI/projeto_portfólio/example-crud-php-fullstack/system/Database/BaseBuilder.php(1616): CodeIgniter\Database\BaseConnection->query()
#3 /home/flavioepimentel/Área de Trabalho/PDI/projeto_portfólio/example-crud-php-fullstack/system/Model.php(241): CodeIgniter\Database\BaseBuilder->get()
#4 /home/flavioepimentel/Área de Trabalho/PDI/projeto_portfólio/example-crud-php-fullstack/system/BaseModel.php(618): CodeIgniter\Model->doFindAll()
#5 /home/flavioepimentel/Área de Trabalho/PDI/projeto_portfólio/example-crud-php-fullstack/app/Controllers/User.php(20): CodeIgniter\BaseModel->findAll()
#6 /home/flavioepimentel/Área de Trabalho/PDI/projeto_portfólio/example-crud-php-fullstack/system/CodeIgniter.php(932): App\Controllers\User->getIndex()
#7 /home/flavioepimentel/Área de Trabalho/PDI/projeto_portfólio/example-crud-php-fullstack/system/CodeIgniter.php(497): CodeIgniter\CodeIgniter->runController()
#8 /home/flavioepimentel/Área de Trabalho/PDI/projeto_portfólio/example-crud-php-fullstack/system/CodeIgniter.php(366): CodeIgniter\CodeIgniter->handleRequest()
#9 /home/flavioepimentel/Área de Trabalho/PDI/projeto_portfólio/example-crud-php-fullstack/public/index.php(67): CodeIgniter\CodeIgniter->run()
#10 /home/flavioepimentel/Área de Trabalho/PDI/projeto_portfólio/example-crud-php-fullstack/system/Commands/Server/rewrite.php(47): require_once('...')
#11 {main}
CRITICAL - 2023-07-09 19:38:29 --> Unable to connect to the database.
Main connection [MySQLi]: Unknown database 'users'
in SYSTEMPATH/Database/BaseConnection.php on line 427.
 1 SYSTEMPATH/Database/BaseConnection.php(574): CodeIgniter\Database\BaseConnection->initialize()
 2 SYSTEMPATH/Database/BaseBuilder.php(1616): CodeIgniter\Database\BaseConnection->query()
 3 SYSTEMPATH/Model.php(241): CodeIgniter\Database\BaseBuilder->get()
 4 SYSTEMPATH/BaseModel.php(618): CodeIgniter\Model->doFindAll()
 5 APPPATH/Controllers/User.php(20): CodeIgniter\BaseModel->findAll()
 6 SYSTEMPATH/CodeIgniter.php(932): App\Controllers\User->getIndex()
 7 SYSTEMPATH/CodeIgniter.php(497): CodeIgniter\CodeIgniter->runController()
 8 SYSTEMPATH/CodeIgniter.php(366): CodeIgniter\CodeIgniter->handleRequest()
 9 FCPATH/index.php(67): CodeIgniter\CodeIgniter->run()
10 SYSTEMPATH/Commands/Server/rewrite.php(47): require_once('/home/flavioepimentel/Área de Trabalho/PDI/projeto_portfólio/example-crud-php-fullstack/public/index.php')
ERROR - 2023-07-09 19:45:56 --> Error connecting to the database: mysqli_sql_exception: Unknown database 'users' in /home/flavioepimentel/Área de Trabalho/PDI/projeto_portfólio/example-crud-php-fullstack/system/Database/MySQLi/Connection.php:174
Stack trace:
#0 /home/flavioepimentel/Área de Trabalho/PDI/projeto_portfólio/example-crud-php-fullstack/system/Database/MySQLi/Connection.php(174): mysqli->real_connect()
#1 /home/flavioepimentel/Área de Trabalho/PDI/projeto_portfólio/example-crud-php-fullstack/system/Database/BaseConnection.php(391): CodeIgniter\Database\MySQLi\Connection->connect()
#2 /home/flavioepimentel/Área de Trabalho/PDI/projeto_portfólio/example-crud-php-fullstack/system/Database/BaseConnection.php(574): CodeIgniter\Database\BaseConnection->initialize()
#3 /home/flavioepimentel/Área de Trabalho/PDI/projeto_portfólio/example-crud-php-fullstack/system/Database/BaseBuilder.php(1616): CodeIgniter\Database\BaseConnection->query()
#4 /home/flavioepimentel/Área de Trabalho/PDI/projeto_portfólio/example-crud-php-fullstack/system/Model.php(241): CodeIgniter\Database\BaseBuilder->get()
#5 /home/flavioepimentel/Área de Trabalho/PDI/projeto_portfólio/example-crud-php-fullstack/system/BaseModel.php(618): CodeIgniter\Model->doFindAll()
#6 /home/flavioepimentel/Área de Trabalho/PDI/projeto_portfólio/example-crud-php-fullstack/app/Controllers/User.php(20): CodeIgniter\BaseModel->findAll()
#7 /home/flavioepimentel/Área de Trabalho/PDI/projeto_portfólio/example-crud-php-fullstack/system/CodeIgniter.php(932): App\Controllers\User->getIndex()
#8 /home/flavioepimentel/Área de Trabalho/PDI/projeto_portfólio/example-crud-php-fullstack/system/CodeIgniter.php(497): CodeIgniter\CodeIgniter->runController()
#9 /home/flavioepimentel/Área de Trabalho/PDI/projeto_portfólio/example-crud-php-fullstack/system/CodeIgniter.php(366): CodeIgniter\CodeIgniter->handleRequest()
#10 /home/flavioepimentel/Área de Trabalho/PDI/projeto_portfólio/example-crud-php-fullstack/public/index.php(67): CodeIgniter\CodeIgniter->run()
#11 /home/flavioepimentel/Área de Trabalho/PDI/projeto_portfólio/example-crud-php-fullstack/system/Commands/Server/rewrite.php(47): require_once('...')
#12 {main}

Next CodeIgniter\Database\Exceptions\DatabaseException: Unknown database 'users' in /home/flavioepimentel/Área de Trabalho/PDI/projeto_portfólio/example-crud-php-fullstack/system/Database/MySQLi/Connection.php:218
Stack trace:
#0 /home/flavioepimentel/Área de Trabalho/PDI/projeto_portfólio/example-crud-php-fullstack/system/Database/BaseConnection.php(391): CodeIgniter\Database\MySQLi\Connection->connect()
#1 /home/flavioepimentel/Área de Trabalho/PDI/projeto_portfólio/example-crud-php-fullstack/system/Database/BaseConnection.php(574): CodeIgniter\Database\BaseConnection->initialize()
#2 /home/flavioepimentel/Área de Trabalho/PDI/projeto_portfólio/example-crud-php-fullstack/system/Database/BaseBuilder.php(1616): CodeIgniter\Database\BaseConnection->query()
#3 /home/flavioepimentel/Área de Trabalho/PDI/projeto_portfólio/example-crud-php-fullstack/system/Model.php(241): CodeIgniter\Database\BaseBuilder->get()
#4 /home/flavioepimentel/Área de Trabalho/PDI/projeto_portfólio/example-crud-php-fullstack/system/BaseModel.php(618): CodeIgniter\Model->doFindAll()
#5 /home/flavioepimentel/Área de Trabalho/PDI/projeto_portfólio/example-crud-php-fullstack/app/Controllers/User.php(20): CodeIgniter\BaseModel->findAll()
#6 /home/flavioepimentel/Área de Trabalho/PDI/projeto_portfólio/example-crud-php-fullstack/system/CodeIgniter.php(932): App\Controllers\User->getIndex()
#7 /home/flavioepimentel/Área de Trabalho/PDI/projeto_portfólio/example-crud-php-fullstack/system/CodeIgniter.php(497): CodeIgniter\CodeIgniter->runController()
#8 /home/flavioepimentel/Área de Trabalho/PDI/projeto_portfólio/example-crud-php-fullstack/system/CodeIgniter.php(366): CodeIgniter\CodeIgniter->handleRequest()
#9 /home/flavioepimentel/Área de Trabalho/PDI/projeto_portfólio/example-crud-php-fullstack/public/index.php(67): CodeIgniter\CodeIgniter->run()
#10 /home/flavioepimentel/Área de Trabalho/PDI/projeto_portfólio/example-crud-php-fullstack/system/Commands/Server/rewrite.php(47): require_once('...')
#11 {main}
CRITICAL - 2023-07-09 19:45:56 --> Unable to connect to the database.
Main connection [MySQLi]: Unknown database 'users'
in SYSTEMPATH/Database/BaseConnection.php on line 427.
 1 SYSTEMPATH/Database/BaseConnection.php(574): CodeIgniter\Database\BaseConnection->initialize()
 2 SYSTEMPATH/Database/BaseBuilder.php(1616): CodeIgniter\Database\BaseConnection->query()
 3 SYSTEMPATH/Model.php(241): CodeIgniter\Database\BaseBuilder->get()
 4 SYSTEMPATH/BaseModel.php(618): CodeIgniter\Model->doFindAll()
 5 APPPATH/Controllers/User.php(20): CodeIgniter\BaseModel->findAll()
 6 SYSTEMPATH/CodeIgniter.php(932): App\Controllers\User->getIndex()
 7 SYSTEMPATH/CodeIgniter.php(497): CodeIgniter\CodeIgniter->runController()
 8 SYSTEMPATH/CodeIgniter.php(366): CodeIgniter\CodeIgniter->handleRequest()
 9 FCPATH/index.php(67): CodeIgniter\CodeIgniter->run()
10 SYSTEMPATH/Commands/Server/rewrite.php(47): require_once('/home/flavioepimentel/Área de Trabalho/PDI/projeto_portfólio/example-crud-php-fullstack/public/index.php')
ERROR - 2023-07-09 19:49:11 --> Error connecting to the database: mysqli_sql_exception: Unknown database 'users' in /home/flavioepimentel/Área de Trabalho/PDI/projeto_portfólio/example-crud-php-fullstack/system/Database/MySQLi/Connection.php:174
Stack trace:
#0 /home/flavioepimentel/Área de Trabalho/PDI/projeto_portfólio/example-crud-php-fullstack/system/Database/MySQLi/Connection.php(174): mysqli->real_connect()
#1 /home/flavioepimentel/Área de Trabalho/PDI/projeto_portfólio/example-crud-php-fullstack/system/Database/BaseConnection.php(391): CodeIgniter\Database\MySQLi\Connection->connect()
#2 /home/flavioepimentel/Área de Trabalho/PDI/projeto_portfólio/example-crud-php-fullstack/system/Database/BaseConnection.php(574): CodeIgniter\Database\BaseConnection->initialize()
#3 /home/flavioepimentel/Área de Trabalho/PDI/projeto_portfólio/example-crud-php-fullstack/system/Database/BaseBuilder.php(1616): CodeIgniter\Database\BaseConnection->query()
#4 /home/flavioepimentel/Área de Trabalho/PDI/projeto_portfólio/example-crud-php-fullstack/system/Model.php(241): CodeIgniter\Database\BaseBuilder->get()
#5 /home/flavioepimentel/Área de Trabalho/PDI/projeto_portfólio/example-crud-php-fullstack/system/BaseModel.php(618): CodeIgniter\Model->doFindAll()
#6 /home/flavioepimentel/Área de Trabalho/PDI/projeto_portfólio/example-crud-php-fullstack/app/Controllers/User.php(20): CodeIgniter\BaseModel->findAll()
#7 /home/flavioepimentel/Área de Trabalho/PDI/projeto_portfólio/example-crud-php-fullstack/system/CodeIgniter.php(932): App\Controllers\User->getIndex()
#8 /home/flavioepimentel/Área de Trabalho/PDI/projeto_portfólio/example-crud-php-fullstack/system/CodeIgniter.php(497): CodeIgniter\CodeIgniter->runController()
#9 /home/flavioepimentel/Área de Trabalho/PDI/projeto_portfólio/example-crud-php-fullstack/system/CodeIgniter.php(366): CodeIgniter\CodeIgniter->handleRequest()
#10 /home/flavioepimentel/Área de Trabalho/PDI/projeto_portfólio/example-crud-php-fullstack/public/index.php(67): CodeIgniter\CodeIgniter->run()
#11 /home/flavioepimentel/Área de Trabalho/PDI/projeto_portfólio/example-crud-php-fullstack/system/Commands/Server/rewrite.php(47): require_once('...')
#12 {main}

Next CodeIgniter\Database\Exceptions\DatabaseException: Unknown database 'users' in /home/flavioepimentel/Área de Trabalho/PDI/projeto_portfólio/example-crud-php-fullstack/system/Database/MySQLi/Connection.php:218
Stack trace:
#0 /home/flavioepimentel/Área de Trabalho/PDI/projeto_portfólio/example-crud-php-fullstack/system/Database/BaseConnection.php(391): CodeIgniter\Database\MySQLi\Connection->connect()
#1 /home/flavioepimentel/Área de Trabalho/PDI/projeto_portfólio/example-crud-php-fullstack/system/Database/BaseConnection.php(574): CodeIgniter\Database\BaseConnection->initialize()
#2 /home/flavioepimentel/Área de Trabalho/PDI/projeto_portfólio/example-crud-php-fullstack/system/Database/BaseBuilder.php(1616): CodeIgniter\Database\BaseConnection->query()
#3 /home/flavioepimentel/Área de Trabalho/PDI/projeto_portfólio/example-crud-php-fullstack/system/Model.php(241): CodeIgniter\Database\BaseBuilder->get()
#4 /home/flavioepimentel/Área de Trabalho/PDI/projeto_portfólio/example-crud-php-fullstack/system/BaseModel.php(618): CodeIgniter\Model->doFindAll()
#5 /home/flavioepimentel/Área de Trabalho/PDI/projeto_portfólio/example-crud-php-fullstack/app/Controllers/User.php(20): CodeIgniter\BaseModel->findAll()
#6 /home/flavioepimentel/Área de Trabalho/PDI/projeto_portfólio/example-crud-php-fullstack/system/CodeIgniter.php(932): App\Controllers\User->getIndex()
#7 /home/flavioepimentel/Área de Trabalho/PDI/projeto_portfólio/example-crud-php-fullstack/system/CodeIgniter.php(497): CodeIgniter\CodeIgniter->runController()
#8 /home/flavioepimentel/Área de Trabalho/PDI/projeto_portfólio/example-crud-php-fullstack/system/CodeIgniter.php(366): CodeIgniter\CodeIgniter->handleRequest()
#9 /home/flavioepimentel/Área de Trabalho/PDI/projeto_portfólio/example-crud-php-fullstack/public/index.php(67): CodeIgniter\CodeIgniter->run()
#10 /home/flavioepimentel/Área de Trabalho/PDI/projeto_portfólio/example-crud-php-fullstack/system/Commands/Server/rewrite.php(47): require_once('...')
#11 {main}
CRITICAL - 2023-07-09 19:49:11 --> Unable to connect to the database.
Main connection [MySQLi]: Unknown database 'users'
in SYSTEMPATH/Database/BaseConnection.php on line 427.
 1 SYSTEMPATH/Database/BaseConnection.php(574): CodeIgniter\Database\BaseConnection->initialize()
 2 SYSTEMPATH/Database/BaseBuilder.php(1616): CodeIgniter\Database\BaseConnection->query()
 3 SYSTEMPATH/Model.php(241): CodeIgniter\Database\BaseBuilder->get()
 4 SYSTEMPATH/BaseModel.php(618): CodeIgniter\Model->doFindAll()
 5 APPPATH/Controllers/User.php(20): CodeIgniter\BaseModel->findAll()
 6 SYSTEMPATH/CodeIgniter.php(932): App\Controllers\User->getIndex()
 7 SYSTEMPATH/CodeIgniter.php(497): CodeIgniter\CodeIgniter->runController()
 8 SYSTEMPATH/CodeIgniter.php(366): CodeIgniter\CodeIgniter->handleRequest()
 9 FCPATH/index.php(67): CodeIgniter\CodeIgniter->run()
10 SYSTEMPATH/Commands/Server/rewrite.php(47): require_once('/home/flavioepimentel/Área de Trabalho/PDI/projeto_portfólio/example-crud-php-fullstack/public/index.php')
ERROR - 2023-07-09 19:53:20 --> Error connecting to the database: mysqli_sql_exception: Unknown database 'users' in /home/flavioepimentel/Área de Trabalho/PDI/projeto_portfólio/example-crud-php-fullstack/system/Database/MySQLi/Connection.php:174
Stack trace:
#0 /home/flavioepimentel/Área de Trabalho/PDI/projeto_portfólio/example-crud-php-fullstack/system/Database/MySQLi/Connection.php(174): mysqli->real_connect()
#1 /home/flavioepimentel/Área de Trabalho/PDI/projeto_portfólio/example-crud-php-fullstack/system/Database/BaseConnection.php(391): CodeIgniter\Database\MySQLi\Connection->connect()
#2 /home/flavioepimentel/Área de Trabalho/PDI/projeto_portfólio/example-crud-php-fullstack/system/Database/BaseConnection.php(574): CodeIgniter\Database\BaseConnection->initialize()
#3 /home/flavioepimentel/Área de Trabalho/PDI/projeto_portfólio/example-crud-php-fullstack/system/Database/BaseBuilder.php(1616): CodeIgniter\Database\BaseConnection->query()
#4 /home/flavioepimentel/Área de Trabalho/PDI/projeto_portfólio/example-crud-php-fullstack/system/Model.php(241): CodeIgniter\Database\BaseBuilder->get()
#5 /home/flavioepimentel/Área de Trabalho/PDI/projeto_portfólio/example-crud-php-fullstack/system/BaseModel.php(618): CodeIgniter\Model->doFindAll()
#6 /home/flavioepimentel/Área de Trabalho/PDI/projeto_portfólio/example-crud-php-fullstack/app/Controllers/User.php(20): CodeIgniter\BaseModel->findAll()
#7 /home/flavioepimentel/Área de Trabalho/PDI/projeto_portfólio/example-crud-php-fullstack/system/CodeIgniter.php(932): App\Controllers\User->getIndex()
#8 /home/flavioepimentel/Área de Trabalho/PDI/projeto_portfólio/example-crud-php-fullstack/system/CodeIgniter.php(497): CodeIgniter\CodeIgniter->runController()
#9 /home/flavioepimentel/Área de Trabalho/PDI/projeto_portfólio/example-crud-php-fullstack/system/CodeIgniter.php(366): CodeIgniter\CodeIgniter->handleRequest()
#10 /home/flavioepimentel/Área de Trabalho/PDI/projeto_portfólio/example-crud-php-fullstack/public/index.php(67): CodeIgniter\CodeIgniter->run()
#11 /home/flavioepimentel/Área de Trabalho/PDI/projeto_portfólio/example-crud-php-fullstack/system/Commands/Server/rewrite.php(47): require_once('...')
#12 {main}

Next CodeIgniter\Database\Exceptions\DatabaseException: Unknown database 'users' in /home/flavioepimentel/Área de Trabalho/PDI/projeto_portfólio/example-crud-php-fullstack/system/Database/MySQLi/Connection.php:218
Stack trace:
#0 /home/flavioepimentel/Área de Trabalho/PDI/projeto_portfólio/example-crud-php-fullstack/system/Database/BaseConnection.php(391): CodeIgniter\Database\MySQLi\Connection->connect()
#1 /home/flavioepimentel/Área de Trabalho/PDI/projeto_portfólio/example-crud-php-fullstack/system/Database/BaseConnection.php(574): CodeIgniter\Database\BaseConnection->initialize()
#2 /home/flavioepimentel/Área de Trabalho/PDI/projeto_portfólio/example-crud-php-fullstack/system/Database/BaseBuilder.php(1616): CodeIgniter\Database\BaseConnection->query()
#3 /home/flavioepimentel/Área de Trabalho/PDI/projeto_portfólio/example-crud-php-fullstack/system/Model.php(241): CodeIgniter\Database\BaseBuilder->get()
#4 /home/flavioepimentel/Área de Trabalho/PDI/projeto_portfólio/example-crud-php-fullstack/system/BaseModel.php(618): CodeIgniter\Model->doFindAll()
#5 /home/flavioepimentel/Área de Trabalho/PDI/projeto_portfólio/example-crud-php-fullstack/app/Controllers/User.php(20): CodeIgniter\BaseModel->findAll()
#6 /home/flavioepimentel/Área de Trabalho/PDI/projeto_portfólio/example-crud-php-fullstack/system/CodeIgniter.php(932): App\Controllers\User->getIndex()
#7 /home/flavioepimentel/Área de Trabalho/PDI/projeto_portfólio/example-crud-php-fullstack/system/CodeIgniter.php(497): CodeIgniter\CodeIgniter->runController()
#8 /home/flavioepimentel/Área de Trabalho/PDI/projeto_portfólio/example-crud-php-fullstack/system/CodeIgniter.php(366): CodeIgniter\CodeIgniter->handleRequest()
#9 /home/flavioepimentel/Área de Trabalho/PDI/projeto_portfólio/example-crud-php-fullstack/public/index.php(67): CodeIgniter\CodeIgniter->run()
#10 /home/flavioepimentel/Área de Trabalho/PDI/projeto_portfólio/example-crud-php-fullstack/system/Commands/Server/rewrite.php(47): require_once('...')
#11 {main}
CRITICAL - 2023-07-09 19:53:20 --> Unable to connect to the database.
Main connection [MySQLi]: Unknown database 'users'
in SYSTEMPATH/Database/BaseConnection.php on line 427.
 1 SYSTEMPATH/Database/BaseConnection.php(574): CodeIgniter\Database\BaseConnection->initialize()
 2 SYSTEMPATH/Database/BaseBuilder.php(1616): CodeIgniter\Database\BaseConnection->query()
 3 SYSTEMPATH/Model.php(241): CodeIgniter\Database\BaseBuilder->get()
 4 SYSTEMPATH/BaseModel.php(618): CodeIgniter\Model->doFindAll()
 5 APPPATH/Controllers/User.php(20): CodeIgniter\BaseModel->findAll()
 6 SYSTEMPATH/CodeIgniter.php(932): App\Controllers\User->getIndex()
 7 SYSTEMPATH/CodeIgniter.php(497): CodeIgniter\CodeIgniter->runController()
 8 SYSTEMPATH/CodeIgniter.php(366): CodeIgniter\CodeIgniter->handleRequest()
 9 FCPATH/index.php(67): CodeIgniter\CodeIgniter->run()
10 SYSTEMPATH/Commands/Server/rewrite.php(47): require_once('/home/flavioepimentel/Área de Trabalho/PDI/projeto_portfólio/example-crud-php-fullstack/public/index.php')
CRITICAL - 2023-07-09 20:16:56 --> Invalid file: "app_php_crud.php"
in SYSTEMPATH/Exceptions/FrameworkException.php on line 33.
 1 SYSTEMPATH/View/View.php(212): CodeIgniter\Exceptions\FrameworkException::forInvalidFile()
 2 SYSTEMPATH/Common.php(1180): CodeIgniter\View\View->render()
 3 APPPATH/Controllers/User.php(20): view()
 4 SYSTEMPATH/CodeIgniter.php(932): App\Controllers\User->getIndex()
 5 SYSTEMPATH/CodeIgniter.php(497): CodeIgniter\CodeIgniter->runController()
 6 SYSTEMPATH/CodeIgniter.php(366): CodeIgniter\CodeIgniter->handleRequest()
 7 FCPATH/index.php(67): CodeIgniter\CodeIgniter->run()
 8 SYSTEMPATH/Commands/Server/rewrite.php(47): require_once('/home/flavioepimentel/Área de Trabalho/PDI/projeto_portfólio/example-crud-php-fullstack/public/index.php')
CRITICAL - 2023-07-09 21:06:16 --> Array to string conversion
in SYSTEMPATH/View/View.php on line 224.
 1 SYSTEMPATH/View/View.php(224): CodeIgniter\Debug\Exceptions->errorHandler()
 2 SYSTEMPATH/View/View.php(224): include()
 3 SYSTEMPATH/View/View.php(227): CodeIgniter\View\View->CodeIgniter\View\{closure}()
 4 SYSTEMPATH/Common.php(1180): CodeIgniter\View\View->render()
 5 APPPATH/Controllers/User.php(20): view()
 6 SYSTEMPATH/CodeIgniter.php(932): App\Controllers\User->getIndex()
 7 SYSTEMPATH/CodeIgniter.php(497): CodeIgniter\CodeIgniter->runController()
 8 SYSTEMPATH/CodeIgniter.php(366): CodeIgniter\CodeIgniter->handleRequest()
 9 FCPATH/index.php(67): CodeIgniter\CodeIgniter->run()
10 SYSTEMPATH/Commands/Server/rewrite.php(47): require_once('/home/flavioepimentel/Área de Trabalho/PDI/projeto_portfólio/example-crud-php-fullstack/public/index.php')
