ERROR - 2023-07-08 00:00:22 --> Error connecting to the database: mysqli_sql_exception: Access denied for user 'root'@'localhost' in /home/flavioepimentel/Área de Trabalho/PDI/projeto_portfólio/example-crud-php-fullstack/system/Database/MySQLi/Connection.php:174
Stack trace:
#0 /home/flavioepimentel/Área de Trabalho/PDI/projeto_portfólio/example-crud-php-fullstack/system/Database/MySQLi/Connection.php(174): mysqli->real_connect()
#1 /home/flavioepimentel/Área de Trabalho/PDI/projeto_portfólio/example-crud-php-fullstack/system/Database/BaseConnection.php(391): CodeIgniter\Database\MySQLi\Connection->connect()
#2 /home/flavioepimentel/Área de Trabalho/PDI/projeto_portfólio/example-crud-php-fullstack/system/Database/BaseConnection.php(574): CodeIgniter\Database\BaseConnection->initialize()
#3 /home/flavioepimentel/Área de Trabalho/PDI/projeto_portfólio/example-crud-php-fullstack/system/Database/BaseBuilder.php(1616): CodeIgniter\Database\BaseConnection->query()
#4 /home/flavioepimentel/Área de Trabalho/PDI/projeto_portfólio/example-crud-php-fullstack/system/Model.php(241): CodeIgniter\Database\BaseBuilder->get()
#5 /home/flavioepimentel/Área de Trabalho/PDI/projeto_portfólio/example-crud-php-fullstack/system/BaseModel.php(618): CodeIgniter\Model->doFindAll()
#6 /home/flavioepimentel/Área de Trabalho/PDI/projeto_portfólio/example-crud-php-fullstack/app/Controllers/User.php(20): CodeIgniter\BaseModel->findAll()
#7 /home/flavioepimentel/Área de Trabalho/PDI/projeto_portfólio/example-crud-php-fullstack/system/CodeIgniter.php(932): App\Controllers\User->getIndex()
#8 /home/flavioepimentel/Área de Trabalho/PDI/projeto_portfólio/example-crud-php-fullstack/system/CodeIgniter.php(497): CodeIgniter\CodeIgniter->runController()
#9 /home/flavioepimentel/Área de Trabalho/PDI/projeto_portfólio/example-crud-php-fullstack/system/CodeIgniter.php(366): CodeIgniter\CodeIgniter->handleRequest()
#10 /home/flavioepimentel/Área de Trabalho/PDI/projeto_portfólio/example-crud-php-fullstack/public/index.php(67): CodeIgniter\CodeIgniter->run()
#11 /home/flavioepimentel/Área de Trabalho/PDI/projeto_portfólio/example-crud-php-fullstack/system/Commands/Server/rewrite.php(47): require_once('...')
#12 {main}

Next CodeIgniter\Database\Exceptions\DatabaseException: Access denied for user '****'@'localhost' in /home/flavioepimentel/Área de Trabalho/PDI/projeto_portfólio/example-crud-php-fullstack/system/Database/MySQLi/Connection.php:218
Stack trace:
#0 /home/flavioepimentel/Área de Trabalho/PDI/projeto_portfólio/example-crud-php-fullstack/system/Database/BaseConnection.php(391): CodeIgniter\Database\MySQLi\Connection->connect()
#1 /home/flavioepimentel/Área de Trabalho/PDI/projeto_portfólio/example-crud-php-fullstack/system/Database/BaseConnection.php(574): CodeIgniter\Database\BaseConnection->initialize()
#2 /home/flavioepimentel/Área de Trabalho/PDI/projeto_portfólio/example-crud-php-fullstack/system/Database/BaseBuilder.php(1616): CodeIgniter\Database\BaseConnection->query()
#3 /home/flavioepimentel/Área de Trabalho/PDI/projeto_portfólio/example-crud-php-fullstack/system/Model.php(241): CodeIgniter\Database\BaseBuilder->get()
#4 /home/flavioepimentel/Área de Trabalho/PDI/projeto_portfólio/example-crud-php-fullstack/system/BaseModel.php(618): CodeIgniter\Model->doFindAll()
#5 /home/flavioepimentel/Área de Trabalho/PDI/projeto_portfólio/example-crud-php-fullstack/app/Controllers/User.php(20): CodeIgniter\BaseModel->findAll()
#6 /home/flavioepimentel/Área de Trabalho/PDI/projeto_portfólio/example-crud-php-fullstack/system/CodeIgniter.php(932): App\Controllers\User->getIndex()
#7 /home/flavioepimentel/Área de Trabalho/PDI/projeto_portfólio/example-crud-php-fullstack/system/CodeIgniter.php(497): CodeIgniter\CodeIgniter->runController()
#8 /home/flavioepimentel/Área de Trabalho/PDI/projeto_portfólio/example-crud-php-fullstack/system/CodeIgniter.php(366): CodeIgniter\CodeIgniter->handleRequest()
#9 /home/flavioepimentel/Área de Trabalho/PDI/projeto_portfólio/example-crud-php-fullstack/public/index.php(67): CodeIgniter\CodeIgniter->run()
#10 /home/flavioepimentel/Área de Trabalho/PDI/projeto_portfólio/example-crud-php-fullstack/system/Commands/Server/rewrite.php(47): require_once('...')
#11 {main}
CRITICAL - 2023-07-08 00:00:22 --> Unable to connect to the database.
Main connection [MySQLi]: Access denied for user '****'@'localhost'
in SYSTEMPATH/Database/BaseConnection.php on line 427.
 1 SYSTEMPATH/Database/BaseConnection.php(574): CodeIgniter\Database\BaseConnection->initialize()
 2 SYSTEMPATH/Database/BaseBuilder.php(1616): CodeIgniter\Database\BaseConnection->query()
 3 SYSTEMPATH/Model.php(241): CodeIgniter\Database\BaseBuilder->get()
 4 SYSTEMPATH/BaseModel.php(618): CodeIgniter\Model->doFindAll()
 5 APPPATH/Controllers/User.php(20): CodeIgniter\BaseModel->findAll()
 6 SYSTEMPATH/CodeIgniter.php(932): App\Controllers\User->getIndex()
 7 SYSTEMPATH/CodeIgniter.php(497): CodeIgniter\CodeIgniter->runController()
 8 SYSTEMPATH/CodeIgniter.php(366): CodeIgniter\CodeIgniter->handleRequest()
 9 FCPATH/index.php(67): CodeIgniter\CodeIgniter->run()
10 SYSTEMPATH/Commands/Server/rewrite.php(47): require_once('/home/flavioepimentel/Área de Trabalho/PDI/projeto_portfólio/example-crud-php-fullstack/public/index.php')
ERROR - 2023-07-08 16:23:04 --> Error connecting to the database: mysqli_sql_exception: Access denied for user 'root'@'localhost' in /home/flavioepimentel/Área de Trabalho/PDI/projeto_portfólio/example-crud-php-fullstack/system/Database/MySQLi/Connection.php:174
Stack trace:
#0 /home/flavioepimentel/Área de Trabalho/PDI/projeto_portfólio/example-crud-php-fullstack/system/Database/MySQLi/Connection.php(174): mysqli->real_connect()
#1 /home/flavioepimentel/Área de Trabalho/PDI/projeto_portfólio/example-crud-php-fullstack/system/Database/BaseConnection.php(391): CodeIgniter\Database\MySQLi\Connection->connect()
#2 /home/flavioepimentel/Área de Trabalho/PDI/projeto_portfólio/example-crud-php-fullstack/system/Database/BaseConnection.php(574): CodeIgniter\Database\BaseConnection->initialize()
#3 /home/flavioepimentel/Área de Trabalho/PDI/projeto_portfólio/example-crud-php-fullstack/system/Database/BaseBuilder.php(1616): CodeIgniter\Database\BaseConnection->query()
#4 /home/flavioepimentel/Área de Trabalho/PDI/projeto_portfólio/example-crud-php-fullstack/system/Model.php(241): CodeIgniter\Database\BaseBuilder->get()
#5 /home/flavioepimentel/Área de Trabalho/PDI/projeto_portfólio/example-crud-php-fullstack/system/BaseModel.php(618): CodeIgniter\Model->doFindAll()
#6 /home/flavioepimentel/Área de Trabalho/PDI/projeto_portfólio/example-crud-php-fullstack/app/Controllers/User.php(20): CodeIgniter\BaseModel->findAll()
#7 /home/flavioepimentel/Área de Trabalho/PDI/projeto_portfólio/example-crud-php-fullstack/system/CodeIgniter.php(932): App\Controllers\User->getIndex()
#8 /home/flavioepimentel/Área de Trabalho/PDI/projeto_portfólio/example-crud-php-fullstack/system/CodeIgniter.php(497): CodeIgniter\CodeIgniter->runController()
#9 /home/flavioepimentel/Área de Trabalho/PDI/projeto_portfólio/example-crud-php-fullstack/system/CodeIgniter.php(366): CodeIgniter\CodeIgniter->handleRequest()
#10 /home/flavioepimentel/Área de Trabalho/PDI/projeto_portfólio/example-crud-php-fullstack/public/index.php(67): CodeIgniter\CodeIgniter->run()
#11 /home/flavioepimentel/Área de Trabalho/PDI/projeto_portfólio/example-crud-php-fullstack/system/Commands/Server/rewrite.php(47): require_once('...')
#12 {main}

Next CodeIgniter\Database\Exceptions\DatabaseException: Access denied for user '****'@'localhost' in /home/flavioepimentel/Área de Trabalho/PDI/projeto_portfólio/example-crud-php-fullstack/system/Database/MySQLi/Connection.php:218
Stack trace:
#0 /home/flavioepimentel/Área de Trabalho/PDI/projeto_portfólio/example-crud-php-fullstack/system/Database/BaseConnection.php(391): CodeIgniter\Database\MySQLi\Connection->connect()
#1 /home/flavioepimentel/Área de Trabalho/PDI/projeto_portfólio/example-crud-php-fullstack/system/Database/BaseConnection.php(574): CodeIgniter\Database\BaseConnection->initialize()
#2 /home/flavioepimentel/Área de Trabalho/PDI/projeto_portfólio/example-crud-php-fullstack/system/Database/BaseBuilder.php(1616): CodeIgniter\Database\BaseConnection->query()
#3 /home/flavioepimentel/Área de Trabalho/PDI/projeto_portfólio/example-crud-php-fullstack/system/Model.php(241): CodeIgniter\Database\BaseBuilder->get()
#4 /home/flavioepimentel/Área de Trabalho/PDI/projeto_portfólio/example-crud-php-fullstack/system/BaseModel.php(618): CodeIgniter\Model->doFindAll()
#5 /home/flavioepimentel/Área de Trabalho/PDI/projeto_portfólio/example-crud-php-fullstack/app/Controllers/User.php(20): CodeIgniter\BaseModel->findAll()
#6 /home/flavioepimentel/Área de Trabalho/PDI/projeto_portfólio/example-crud-php-fullstack/system/CodeIgniter.php(932): App\Controllers\User->getIndex()
#7 /home/flavioepimentel/Área de Trabalho/PDI/projeto_portfólio/example-crud-php-fullstack/system/CodeIgniter.php(497): CodeIgniter\CodeIgniter->runController()
#8 /home/flavioepimentel/Área de Trabalho/PDI/projeto_portfólio/example-crud-php-fullstack/system/CodeIgniter.php(366): CodeIgniter\CodeIgniter->handleRequest()
#9 /home/flavioepimentel/Área de Trabalho/PDI/projeto_portfólio/example-crud-php-fullstack/public/index.php(67): CodeIgniter\CodeIgniter->run()
#10 /home/flavioepimentel/Área de Trabalho/PDI/projeto_portfólio/example-crud-php-fullstack/system/Commands/Server/rewrite.php(47): require_once('...')
#11 {main}
CRITICAL - 2023-07-08 16:23:04 --> Unable to connect to the database.
Main connection [MySQLi]: Access denied for user '****'@'localhost'
in SYSTEMPATH/Database/BaseConnection.php on line 427.
 1 SYSTEMPATH/Database/BaseConnection.php(574): CodeIgniter\Database\BaseConnection->initialize()
 2 SYSTEMPATH/Database/BaseBuilder.php(1616): CodeIgniter\Database\BaseConnection->query()
 3 SYSTEMPATH/Model.php(241): CodeIgniter\Database\BaseBuilder->get()
 4 SYSTEMPATH/BaseModel.php(618): CodeIgniter\Model->doFindAll()
 5 APPPATH/Controllers/User.php(20): CodeIgniter\BaseModel->findAll()
 6 SYSTEMPATH/CodeIgniter.php(932): App\Controllers\User->getIndex()
 7 SYSTEMPATH/CodeIgniter.php(497): CodeIgniter\CodeIgniter->runController()
 8 SYSTEMPATH/CodeIgniter.php(366): CodeIgniter\CodeIgniter->handleRequest()
 9 FCPATH/index.php(67): CodeIgniter\CodeIgniter->run()
10 SYSTEMPATH/Commands/Server/rewrite.php(47): require_once('/home/flavioepimentel/Área de Trabalho/PDI/projeto_portfólio/example-crud-php-fullstack/public/index.php')
ERROR - 2023-07-08 16:23:22 --> Error connecting to the database: mysqli_sql_exception: Access denied for user 'root'@'localhost' in /home/flavioepimentel/Área de Trabalho/PDI/projeto_portfólio/example-crud-php-fullstack/system/Database/MySQLi/Connection.php:174
Stack trace:
#0 /home/flavioepimentel/Área de Trabalho/PDI/projeto_portfólio/example-crud-php-fullstack/system/Database/MySQLi/Connection.php(174): mysqli->real_connect()
#1 /home/flavioepimentel/Área de Trabalho/PDI/projeto_portfólio/example-crud-php-fullstack/system/Database/BaseConnection.php(391): CodeIgniter\Database\MySQLi\Connection->connect()
#2 /home/flavioepimentel/Área de Trabalho/PDI/projeto_portfólio/example-crud-php-fullstack/system/Database/BaseConnection.php(574): CodeIgniter\Database\BaseConnection->initialize()
#3 /home/flavioepimentel/Área de Trabalho/PDI/projeto_portfólio/example-crud-php-fullstack/system/Database/BaseBuilder.php(1616): CodeIgniter\Database\BaseConnection->query()
#4 /home/flavioepimentel/Área de Trabalho/PDI/projeto_portfólio/example-crud-php-fullstack/system/Model.php(241): CodeIgniter\Database\BaseBuilder->get()
#5 /home/flavioepimentel/Área de Trabalho/PDI/projeto_portfólio/example-crud-php-fullstack/system/BaseModel.php(618): CodeIgniter\Model->doFindAll()
#6 /home/flavioepimentel/Área de Trabalho/PDI/projeto_portfólio/example-crud-php-fullstack/app/Controllers/User.php(20): CodeIgniter\BaseModel->findAll()
#7 /home/flavioepimentel/Área de Trabalho/PDI/projeto_portfólio/example-crud-php-fullstack/system/CodeIgniter.php(932): App\Controllers\User->getIndex()
#8 /home/flavioepimentel/Área de Trabalho/PDI/projeto_portfólio/example-crud-php-fullstack/system/CodeIgniter.php(497): CodeIgniter\CodeIgniter->runController()
#9 /home/flavioepimentel/Área de Trabalho/PDI/projeto_portfólio/example-crud-php-fullstack/system/CodeIgniter.php(366): CodeIgniter\CodeIgniter->handleRequest()
#10 /home/flavioepimentel/Área de Trabalho/PDI/projeto_portfólio/example-crud-php-fullstack/public/index.php(67): CodeIgniter\CodeIgniter->run()
#11 /home/flavioepimentel/Área de Trabalho/PDI/projeto_portfólio/example-crud-php-fullstack/system/Commands/Server/rewrite.php(47): require_once('...')
#12 {main}

Next CodeIgniter\Database\Exceptions\DatabaseException: Access denied for user '****'@'localhost' in /home/flavioepimentel/Área de Trabalho/PDI/projeto_portfólio/example-crud-php-fullstack/system/Database/MySQLi/Connection.php:218
Stack trace:
#0 /home/flavioepimentel/Área de Trabalho/PDI/projeto_portfólio/example-crud-php-fullstack/system/Database/BaseConnection.php(391): CodeIgniter\Database\MySQLi\Connection->connect()
#1 /home/flavioepimentel/Área de Trabalho/PDI/projeto_portfólio/example-crud-php-fullstack/system/Database/BaseConnection.php(574): CodeIgniter\Database\BaseConnection->initialize()
#2 /home/flavioepimentel/Área de Trabalho/PDI/projeto_portfólio/example-crud-php-fullstack/system/Database/BaseBuilder.php(1616): CodeIgniter\Database\BaseConnection->query()
#3 /home/flavioepimentel/Área de Trabalho/PDI/projeto_portfólio/example-crud-php-fullstack/system/Model.php(241): CodeIgniter\Database\BaseBuilder->get()
#4 /home/flavioepimentel/Área de Trabalho/PDI/projeto_portfólio/example-crud-php-fullstack/system/BaseModel.php(618): CodeIgniter\Model->doFindAll()
#5 /home/flavioepimentel/Área de Trabalho/PDI/projeto_portfólio/example-crud-php-fullstack/app/Controllers/User.php(20): CodeIgniter\BaseModel->findAll()
#6 /home/flavioepimentel/Área de Trabalho/PDI/projeto_portfólio/example-crud-php-fullstack/system/CodeIgniter.php(932): App\Controllers\User->getIndex()
#7 /home/flavioepimentel/Área de Trabalho/PDI/projeto_portfólio/example-crud-php-fullstack/system/CodeIgniter.php(497): CodeIgniter\CodeIgniter->runController()
#8 /home/flavioepimentel/Área de Trabalho/PDI/projeto_portfólio/example-crud-php-fullstack/system/CodeIgniter.php(366): CodeIgniter\CodeIgniter->handleRequest()
#9 /home/flavioepimentel/Área de Trabalho/PDI/projeto_portfólio/example-crud-php-fullstack/public/index.php(67): CodeIgniter\CodeIgniter->run()
#10 /home/flavioepimentel/Área de Trabalho/PDI/projeto_portfólio/example-crud-php-fullstack/system/Commands/Server/rewrite.php(47): require_once('...')
#11 {main}
CRITICAL - 2023-07-08 16:23:22 --> Unable to connect to the database.
Main connection [MySQLi]: Access denied for user '****'@'localhost'
in SYSTEMPATH/Database/BaseConnection.php on line 427.
 1 SYSTEMPATH/Database/BaseConnection.php(574): CodeIgniter\Database\BaseConnection->initialize()
 2 SYSTEMPATH/Database/BaseBuilder.php(1616): CodeIgniter\Database\BaseConnection->query()
 3 SYSTEMPATH/Model.php(241): CodeIgniter\Database\BaseBuilder->get()
 4 SYSTEMPATH/BaseModel.php(618): CodeIgniter\Model->doFindAll()
 5 APPPATH/Controllers/User.php(20): CodeIgniter\BaseModel->findAll()
 6 SYSTEMPATH/CodeIgniter.php(932): App\Controllers\User->getIndex()
 7 SYSTEMPATH/CodeIgniter.php(497): CodeIgniter\CodeIgniter->runController()
 8 SYSTEMPATH/CodeIgniter.php(366): CodeIgniter\CodeIgniter->handleRequest()
 9 FCPATH/index.php(67): CodeIgniter\CodeIgniter->run()
10 SYSTEMPATH/Commands/Server/rewrite.php(47): require_once('/home/flavioepimentel/Área de Trabalho/PDI/projeto_portfólio/example-crud-php-fullstack/public/index.php')
ERROR - 2023-07-08 16:23:29 --> Error connecting to the database: mysqli_sql_exception: Access denied for user 'root'@'localhost' in /home/flavioepimentel/Área de Trabalho/PDI/projeto_portfólio/example-crud-php-fullstack/system/Database/MySQLi/Connection.php:174
Stack trace:
#0 /home/flavioepimentel/Área de Trabalho/PDI/projeto_portfólio/example-crud-php-fullstack/system/Database/MySQLi/Connection.php(174): mysqli->real_connect()
#1 /home/flavioepimentel/Área de Trabalho/PDI/projeto_portfólio/example-crud-php-fullstack/system/Database/BaseConnection.php(391): CodeIgniter\Database\MySQLi\Connection->connect()
#2 /home/flavioepimentel/Área de Trabalho/PDI/projeto_portfólio/example-crud-php-fullstack/system/Database/BaseConnection.php(574): CodeIgniter\Database\BaseConnection->initialize()
#3 /home/flavioepimentel/Área de Trabalho/PDI/projeto_portfólio/example-crud-php-fullstack/system/Database/BaseBuilder.php(1616): CodeIgniter\Database\BaseConnection->query()
#4 /home/flavioepimentel/Área de Trabalho/PDI/projeto_portfólio/example-crud-php-fullstack/system/Model.php(241): CodeIgniter\Database\BaseBuilder->get()
#5 /home/flavioepimentel/Área de Trabalho/PDI/projeto_portfólio/example-crud-php-fullstack/system/BaseModel.php(618): CodeIgniter\Model->doFindAll()
#6 /home/flavioepimentel/Área de Trabalho/PDI/projeto_portfólio/example-crud-php-fullstack/app/Controllers/User.php(20): CodeIgniter\BaseModel->findAll()
#7 /home/flavioepimentel/Área de Trabalho/PDI/projeto_portfólio/example-crud-php-fullstack/system/CodeIgniter.php(932): App\Controllers\User->getIndex()
#8 /home/flavioepimentel/Área de Trabalho/PDI/projeto_portfólio/example-crud-php-fullstack/system/CodeIgniter.php(497): CodeIgniter\CodeIgniter->runController()
#9 /home/flavioepimentel/Área de Trabalho/PDI/projeto_portfólio/example-crud-php-fullstack/system/CodeIgniter.php(366): CodeIgniter\CodeIgniter->handleRequest()
#10 /home/flavioepimentel/Área de Trabalho/PDI/projeto_portfólio/example-crud-php-fullstack/public/index.php(67): CodeIgniter\CodeIgniter->run()
#11 /home/flavioepimentel/Área de Trabalho/PDI/projeto_portfólio/example-crud-php-fullstack/system/Commands/Server/rewrite.php(47): require_once('...')
#12 {main}

Next CodeIgniter\Database\Exceptions\DatabaseException: Access denied for user '****'@'localhost' in /home/flavioepimentel/Área de Trabalho/PDI/projeto_portfólio/example-crud-php-fullstack/system/Database/MySQLi/Connection.php:218
Stack trace:
#0 /home/flavioepimentel/Área de Trabalho/PDI/projeto_portfólio/example-crud-php-fullstack/system/Database/BaseConnection.php(391): CodeIgniter\Database\MySQLi\Connection->connect()
#1 /home/flavioepimentel/Área de Trabalho/PDI/projeto_portfólio/example-crud-php-fullstack/system/Database/BaseConnection.php(574): CodeIgniter\Database\BaseConnection->initialize()
#2 /home/flavioepimentel/Área de Trabalho/PDI/projeto_portfólio/example-crud-php-fullstack/system/Database/BaseBuilder.php(1616): CodeIgniter\Database\BaseConnection->query()
#3 /home/flavioepimentel/Área de Trabalho/PDI/projeto_portfólio/example-crud-php-fullstack/system/Model.php(241): CodeIgniter\Database\BaseBuilder->get()
#4 /home/flavioepimentel/Área de Trabalho/PDI/projeto_portfólio/example-crud-php-fullstack/system/BaseModel.php(618): CodeIgniter\Model->doFindAll()
#5 /home/flavioepimentel/Área de Trabalho/PDI/projeto_portfólio/example-crud-php-fullstack/app/Controllers/User.php(20): CodeIgniter\BaseModel->findAll()
#6 /home/flavioepimentel/Área de Trabalho/PDI/projeto_portfólio/example-crud-php-fullstack/system/CodeIgniter.php(932): App\Controllers\User->getIndex()
#7 /home/flavioepimentel/Área de Trabalho/PDI/projeto_portfólio/example-crud-php-fullstack/system/CodeIgniter.php(497): CodeIgniter\CodeIgniter->runController()
#8 /home/flavioepimentel/Área de Trabalho/PDI/projeto_portfólio/example-crud-php-fullstack/system/CodeIgniter.php(366): CodeIgniter\CodeIgniter->handleRequest()
#9 /home/flavioepimentel/Área de Trabalho/PDI/projeto_portfólio/example-crud-php-fullstack/public/index.php(67): CodeIgniter\CodeIgniter->run()
#10 /home/flavioepimentel/Área de Trabalho/PDI/projeto_portfólio/example-crud-php-fullstack/system/Commands/Server/rewrite.php(47): require_once('...')
#11 {main}
CRITICAL - 2023-07-08 16:23:29 --> Unable to connect to the database.
Main connection [MySQLi]: Access denied for user '****'@'localhost'
in SYSTEMPATH/Database/BaseConnection.php on line 427.
 1 SYSTEMPATH/Database/BaseConnection.php(574): CodeIgniter\Database\BaseConnection->initialize()
 2 SYSTEMPATH/Database/BaseBuilder.php(1616): CodeIgniter\Database\BaseConnection->query()
 3 SYSTEMPATH/Model.php(241): CodeIgniter\Database\BaseBuilder->get()
 4 SYSTEMPATH/BaseModel.php(618): CodeIgniter\Model->doFindAll()
 5 APPPATH/Controllers/User.php(20): CodeIgniter\BaseModel->findAll()
 6 SYSTEMPATH/CodeIgniter.php(932): App\Controllers\User->getIndex()
 7 SYSTEMPATH/CodeIgniter.php(497): CodeIgniter\CodeIgniter->runController()
 8 SYSTEMPATH/CodeIgniter.php(366): CodeIgniter\CodeIgniter->handleRequest()
 9 FCPATH/index.php(67): CodeIgniter\CodeIgniter->run()
10 SYSTEMPATH/Commands/Server/rewrite.php(47): require_once('/home/flavioepimentel/Área de Trabalho/PDI/projeto_portfólio/example-crud-php-fullstack/public/index.php')
