ERROR - 2023-07-07 13:24:35 --> Error connecting to the database: mysqli_sql_exception: Access denied for user 'root'@'localhost' in /home/flavioepimentel/Área de Trabalho/PDI/projeto_portfólio/example-crud-php-fullstack/system/Database/MySQLi/Connection.php:174
Stack trace:
#0 /home/flavioepimentel/Área de Trabalho/PDI/projeto_portfólio/example-crud-php-fullstack/system/Database/MySQLi/Connection.php(174): mysqli->real_connect()
#1 /home/flavioepimentel/Área de Trabalho/PDI/projeto_portfólio/example-crud-php-fullstack/system/Database/BaseConnection.php(391): CodeIgniter\Database\MySQLi\Connection->connect()
#2 /home/flavioepimentel/Área de Trabalho/PDI/projeto_portfólio/example-crud-php-fullstack/system/Database/BaseConnection.php(574): CodeIgniter\Database\BaseConnection->initialize()
#3 /home/flavioepimentel/Área de Trabalho/PDI/projeto_portfólio/example-crud-php-fullstack/system/Database/BaseBuilder.php(1616): CodeIgniter\Database\BaseConnection->query()
#4 /home/flavioepimentel/Área de Trabalho/PDI/projeto_portfólio/example-crud-php-fullstack/system/Model.php(241): CodeIgniter\Database\BaseBuilder->get()
#5 /home/flavioepimentel/Área de Trabalho/PDI/projeto_portfólio/example-crud-php-fullstack/system/BaseModel.php(618): CodeIgniter\Model->doFindAll()
#6 /home/flavioepimentel/Área de Trabalho/PDI/projeto_portfólio/example-crud-php-fullstack/app/Controllers/User.php(19): CodeIgniter\BaseModel->findAll()
#7 /home/flavioepimentel/Área de Trabalho/PDI/projeto_portfólio/example-crud-php-fullstack/system/CodeIgniter.php(932): App\Controllers\User->getIndex()
#8 /home/flavioepimentel/Área de Trabalho/PDI/projeto_portfólio/example-crud-php-fullstack/system/CodeIgniter.php(497): CodeIgniter\CodeIgniter->runController()
#9 /home/flavioepimentel/Área de Trabalho/PDI/projeto_portfólio/example-crud-php-fullstack/system/CodeIgniter.php(366): CodeIgniter\CodeIgniter->handleRequest()
#10 /home/flavioepimentel/Área de Trabalho/PDI/projeto_portfólio/example-crud-php-fullstack/public/index.php(67): CodeIgniter\CodeIgniter->run()
#11 /home/flavioepimentel/Área de Trabalho/PDI/projeto_portfólio/example-crud-php-fullstack/system/Commands/Server/rewrite.php(47): require_once('...')
#12 {main}

Next CodeIgniter\Database\Exceptions\DatabaseException: Access denied for user '****'@'localhost' in /home/flavioepimentel/Área de Trabalho/PDI/projeto_portfólio/example-crud-php-fullstack/system/Database/MySQLi/Connection.php:218
Stack trace:
#0 /home/flavioepimentel/Área de Trabalho/PDI/projeto_portfólio/example-crud-php-fullstack/system/Database/BaseConnection.php(391): CodeIgniter\Database\MySQLi\Connection->connect()
#1 /home/flavioepimentel/Área de Trabalho/PDI/projeto_portfólio/example-crud-php-fullstack/system/Database/BaseConnection.php(574): CodeIgniter\Database\BaseConnection->initialize()
#2 /home/flavioepimentel/Área de Trabalho/PDI/projeto_portfólio/example-crud-php-fullstack/system/Database/BaseBuilder.php(1616): CodeIgniter\Database\BaseConnection->query()
#3 /home/flavioepimentel/Área de Trabalho/PDI/projeto_portfólio/example-crud-php-fullstack/system/Model.php(241): CodeIgniter\Database\BaseBuilder->get()
#4 /home/flavioepimentel/Área de Trabalho/PDI/projeto_portfólio/example-crud-php-fullstack/system/BaseModel.php(618): CodeIgniter\Model->doFindAll()
#5 /home/flavioepimentel/Área de Trabalho/PDI/projeto_portfólio/example-crud-php-fullstack/app/Controllers/User.php(19): CodeIgniter\BaseModel->findAll()
#6 /home/flavioepimentel/Área de Trabalho/PDI/projeto_portfólio/example-crud-php-fullstack/system/CodeIgniter.php(932): App\Controllers\User->getIndex()
#7 /home/flavioepimentel/Área de Trabalho/PDI/projeto_portfólio/example-crud-php-fullstack/system/CodeIgniter.php(497): CodeIgniter\CodeIgniter->runController()
#8 /home/flavioepimentel/Área de Trabalho/PDI/projeto_portfólio/example-crud-php-fullstack/system/CodeIgniter.php(366): CodeIgniter\CodeIgniter->handleRequest()
#9 /home/flavioepimentel/Área de Trabalho/PDI/projeto_portfólio/example-crud-php-fullstack/public/index.php(67): CodeIgniter\CodeIgniter->run()
#10 /home/flavioepimentel/Área de Trabalho/PDI/projeto_portfólio/example-crud-php-fullstack/system/Commands/Server/rewrite.php(47): require_once('...')
#11 {main}
CRITICAL - 2023-07-07 13:24:35 --> Unable to connect to the database.
Main connection [MySQLi]: Access denied for user '****'@'localhost'
in SYSTEMPATH/Database/BaseConnection.php on line 427.
 1 SYSTEMPATH/Database/BaseConnection.php(574): CodeIgniter\Database\BaseConnection->initialize()
 2 SYSTEMPATH/Database/BaseBuilder.php(1616): CodeIgniter\Database\BaseConnection->query()
 3 SYSTEMPATH/Model.php(241): CodeIgniter\Database\BaseBuilder->get()
 4 SYSTEMPATH/BaseModel.php(618): CodeIgniter\Model->doFindAll()
 5 APPPATH/Controllers/User.php(19): CodeIgniter\BaseModel->findAll()
 6 SYSTEMPATH/CodeIgniter.php(932): App\Controllers\User->getIndex()
 7 SYSTEMPATH/CodeIgniter.php(497): CodeIgniter\CodeIgniter->runController()
 8 SYSTEMPATH/CodeIgniter.php(366): CodeIgniter\CodeIgniter->handleRequest()
 9 FCPATH/index.php(67): CodeIgniter\CodeIgniter->run()
10 SYSTEMPATH/Commands/Server/rewrite.php(47): require_once('/home/flavioepimentel/Área de Trabalho/PDI/projeto_portfólio/example-crud-php-fullstack/public/index.php')
CRITICAL - 2023-07-07 14:34:23 --> The framework needs the following extension(s) installed and loaded: intl.
in SYSTEMPATH/CodeIgniter.php on line 226.
 1 SYSTEMPATH/CodeIgniter.php(226): CodeIgniter\Exceptions\FrameworkException::forMissingExtension()
 2 SYSTEMPATH/CodeIgniter.php(190): CodeIgniter\CodeIgniter->resolvePlatformExtensions()
 3 ROOTPATH/spark(83): CodeIgniter\CodeIgniter->initialize()
CRITICAL - 2023-07-07 14:48:48 --> The framework needs the following extension(s) installed and loaded: intl.
in SYSTEMPATH/CodeIgniter.php on line 226.
 1 SYSTEMPATH/CodeIgniter.php(226): CodeIgniter\Exceptions\FrameworkException::forMissingExtension()
 2 SYSTEMPATH/CodeIgniter.php(190): CodeIgniter\CodeIgniter->resolvePlatformExtensions()
 3 ROOTPATH/spark(83): CodeIgniter\CodeIgniter->initialize()
CRITICAL - 2023-07-07 15:45:03 --> The framework needs the following extension(s) installed and loaded: intl.
in SYSTEMPATH/CodeIgniter.php on line 226.
 1 SYSTEMPATH/CodeIgniter.php(226): CodeIgniter\Exceptions\FrameworkException::forMissingExtension()
 2 SYSTEMPATH/CodeIgniter.php(190): CodeIgniter\CodeIgniter->resolvePlatformExtensions()
 3 ROOTPATH/spark(83): CodeIgniter\CodeIgniter->initialize()
ERROR - 2023-07-07 18:47:59 --> Error connecting to the database: mysqli_sql_exception: Access denied for user 'root'@'localhost' in /home/flavioepimentel/Área de Trabalho/PDI/projeto_portfólio/example-crud-php-fullstack/system/Database/MySQLi/Connection.php:174
Stack trace:
#0 /home/flavioepimentel/Área de Trabalho/PDI/projeto_portfólio/example-crud-php-fullstack/system/Database/MySQLi/Connection.php(174): mysqli->real_connect()
#1 /home/flavioepimentel/Área de Trabalho/PDI/projeto_portfólio/example-crud-php-fullstack/system/Database/BaseConnection.php(391): CodeIgniter\Database\MySQLi\Connection->connect()
#2 /home/flavioepimentel/Área de Trabalho/PDI/projeto_portfólio/example-crud-php-fullstack/system/Database/BaseConnection.php(574): CodeIgniter\Database\BaseConnection->initialize()
#3 /home/flavioepimentel/Área de Trabalho/PDI/projeto_portfólio/example-crud-php-fullstack/system/Database/BaseBuilder.php(1700): CodeIgniter\Database\BaseConnection->query()
#4 /home/flavioepimentel/Área de Trabalho/PDI/projeto_portfólio/example-crud-php-fullstack/system/Model.php(606): CodeIgniter\Database\BaseBuilder->countAllResults()
#5 /home/flavioepimentel/Área de Trabalho/PDI/projeto_portfólio/example-crud-php-fullstack/system/BaseModel.php(1188): CodeIgniter\Model->countAllResults()
#6 /home/flavioepimentel/Área de Trabalho/PDI/projeto_portfólio/example-crud-php-fullstack/app/Controllers/User.php(20): CodeIgniter\BaseModel->paginate()
#7 /home/flavioepimentel/Área de Trabalho/PDI/projeto_portfólio/example-crud-php-fullstack/system/CodeIgniter.php(932): App\Controllers\User->getIndex()
#8 /home/flavioepimentel/Área de Trabalho/PDI/projeto_portfólio/example-crud-php-fullstack/system/CodeIgniter.php(497): CodeIgniter\CodeIgniter->runController()
#9 /home/flavioepimentel/Área de Trabalho/PDI/projeto_portfólio/example-crud-php-fullstack/system/CodeIgniter.php(366): CodeIgniter\CodeIgniter->handleRequest()
#10 /home/flavioepimentel/Área de Trabalho/PDI/projeto_portfólio/example-crud-php-fullstack/public/index.php(67): CodeIgniter\CodeIgniter->run()
#11 /home/flavioepimentel/Área de Trabalho/PDI/projeto_portfólio/example-crud-php-fullstack/system/Commands/Server/rewrite.php(47): require_once('...')
#12 {main}

Next CodeIgniter\Database\Exceptions\DatabaseException: Access denied for user '****'@'localhost' in /home/flavioepimentel/Área de Trabalho/PDI/projeto_portfólio/example-crud-php-fullstack/system/Database/MySQLi/Connection.php:218
Stack trace:
#0 /home/flavioepimentel/Área de Trabalho/PDI/projeto_portfólio/example-crud-php-fullstack/system/Database/BaseConnection.php(391): CodeIgniter\Database\MySQLi\Connection->connect()
#1 /home/flavioepimentel/Área de Trabalho/PDI/projeto_portfólio/example-crud-php-fullstack/system/Database/BaseConnection.php(574): CodeIgniter\Database\BaseConnection->initialize()
#2 /home/flavioepimentel/Área de Trabalho/PDI/projeto_portfólio/example-crud-php-fullstack/system/Database/BaseBuilder.php(1700): CodeIgniter\Database\BaseConnection->query()
#3 /home/flavioepimentel/Área de Trabalho/PDI/projeto_portfólio/example-crud-php-fullstack/system/Model.php(606): CodeIgniter\Database\BaseBuilder->countAllResults()
#4 /home/flavioepimentel/Área de Trabalho/PDI/projeto_portfólio/example-crud-php-fullstack/system/BaseModel.php(1188): CodeIgniter\Model->countAllResults()
#5 /home/flavioepimentel/Área de Trabalho/PDI/projeto_portfólio/example-crud-php-fullstack/app/Controllers/User.php(20): CodeIgniter\BaseModel->paginate()
#6 /home/flavioepimentel/Área de Trabalho/PDI/projeto_portfólio/example-crud-php-fullstack/system/CodeIgniter.php(932): App\Controllers\User->getIndex()
#7 /home/flavioepimentel/Área de Trabalho/PDI/projeto_portfólio/example-crud-php-fullstack/system/CodeIgniter.php(497): CodeIgniter\CodeIgniter->runController()
#8 /home/flavioepimentel/Área de Trabalho/PDI/projeto_portfólio/example-crud-php-fullstack/system/CodeIgniter.php(366): CodeIgniter\CodeIgniter->handleRequest()
#9 /home/flavioepimentel/Área de Trabalho/PDI/projeto_portfólio/example-crud-php-fullstack/public/index.php(67): CodeIgniter\CodeIgniter->run()
#10 /home/flavioepimentel/Área de Trabalho/PDI/projeto_portfólio/example-crud-php-fullstack/system/Commands/Server/rewrite.php(47): require_once('...')
#11 {main}
CRITICAL - 2023-07-07 18:47:59 --> Unable to connect to the database.
Main connection [MySQLi]: Access denied for user '****'@'localhost'
in SYSTEMPATH/Database/BaseConnection.php on line 427.
 1 SYSTEMPATH/Database/BaseConnection.php(574): CodeIgniter\Database\BaseConnection->initialize()
 2 SYSTEMPATH/Database/BaseBuilder.php(1700): CodeIgniter\Database\BaseConnection->query()
 3 SYSTEMPATH/Model.php(606): CodeIgniter\Database\BaseBuilder->countAllResults()
 4 SYSTEMPATH/BaseModel.php(1188): CodeIgniter\Model->countAllResults()
 5 APPPATH/Controllers/User.php(20): CodeIgniter\BaseModel->paginate()
 6 SYSTEMPATH/CodeIgniter.php(932): App\Controllers\User->getIndex()
 7 SYSTEMPATH/CodeIgniter.php(497): CodeIgniter\CodeIgniter->runController()
 8 SYSTEMPATH/CodeIgniter.php(366): CodeIgniter\CodeIgniter->handleRequest()
 9 FCPATH/index.php(67): CodeIgniter\CodeIgniter->run()
10 SYSTEMPATH/Commands/Server/rewrite.php(47): require_once('/home/flavioepimentel/Área de Trabalho/PDI/projeto_portfólio/example-crud-php-fullstack/public/index.php')
ERROR - 2023-07-07 19:29:12 --> Error connecting to the database: mysqli_sql_exception: Access denied for user 'root'@'localhost' in /home/flavioepimentel/Área de Trabalho/PDI/projeto_portfólio/example-crud-php-fullstack/system/Database/MySQLi/Connection.php:174
Stack trace:
#0 /home/flavioepimentel/Área de Trabalho/PDI/projeto_portfólio/example-crud-php-fullstack/system/Database/MySQLi/Connection.php(174): mysqli->real_connect()
#1 /home/flavioepimentel/Área de Trabalho/PDI/projeto_portfólio/example-crud-php-fullstack/system/Database/BaseConnection.php(391): CodeIgniter\Database\MySQLi\Connection->connect()
#2 /home/flavioepimentel/Área de Trabalho/PDI/projeto_portfólio/example-crud-php-fullstack/system/Database/BaseConnection.php(574): CodeIgniter\Database\BaseConnection->initialize()
#3 /home/flavioepimentel/Área de Trabalho/PDI/projeto_portfólio/example-crud-php-fullstack/system/Database/BaseBuilder.php(1700): CodeIgniter\Database\BaseConnection->query()
#4 /home/flavioepimentel/Área de Trabalho/PDI/projeto_portfólio/example-crud-php-fullstack/system/Model.php(606): CodeIgniter\Database\BaseBuilder->countAllResults()
#5 /home/flavioepimentel/Área de Trabalho/PDI/projeto_portfólio/example-crud-php-fullstack/system/BaseModel.php(1188): CodeIgniter\Model->countAllResults()
#6 /home/flavioepimentel/Área de Trabalho/PDI/projeto_portfólio/example-crud-php-fullstack/app/Controllers/User.php(20): CodeIgniter\BaseModel->paginate()
#7 /home/flavioepimentel/Área de Trabalho/PDI/projeto_portfólio/example-crud-php-fullstack/system/CodeIgniter.php(932): App\Controllers\User->getIndex()
#8 /home/flavioepimentel/Área de Trabalho/PDI/projeto_portfólio/example-crud-php-fullstack/system/CodeIgniter.php(497): CodeIgniter\CodeIgniter->runController()
#9 /home/flavioepimentel/Área de Trabalho/PDI/projeto_portfólio/example-crud-php-fullstack/system/CodeIgniter.php(366): CodeIgniter\CodeIgniter->handleRequest()
#10 /home/flavioepimentel/Área de Trabalho/PDI/projeto_portfólio/example-crud-php-fullstack/public/index.php(67): CodeIgniter\CodeIgniter->run()
#11 /home/flavioepimentel/Área de Trabalho/PDI/projeto_portfólio/example-crud-php-fullstack/system/Commands/Server/rewrite.php(47): require_once('...')
#12 {main}

Next CodeIgniter\Database\Exceptions\DatabaseException: Access denied for user '****'@'localhost' in /home/flavioepimentel/Área de Trabalho/PDI/projeto_portfólio/example-crud-php-fullstack/system/Database/MySQLi/Connection.php:218
Stack trace:
#0 /home/flavioepimentel/Área de Trabalho/PDI/projeto_portfólio/example-crud-php-fullstack/system/Database/BaseConnection.php(391): CodeIgniter\Database\MySQLi\Connection->connect()
#1 /home/flavioepimentel/Área de Trabalho/PDI/projeto_portfólio/example-crud-php-fullstack/system/Database/BaseConnection.php(574): CodeIgniter\Database\BaseConnection->initialize()
#2 /home/flavioepimentel/Área de Trabalho/PDI/projeto_portfólio/example-crud-php-fullstack/system/Database/BaseBuilder.php(1700): CodeIgniter\Database\BaseConnection->query()
#3 /home/flavioepimentel/Área de Trabalho/PDI/projeto_portfólio/example-crud-php-fullstack/system/Model.php(606): CodeIgniter\Database\BaseBuilder->countAllResults()
#4 /home/flavioepimentel/Área de Trabalho/PDI/projeto_portfólio/example-crud-php-fullstack/system/BaseModel.php(1188): CodeIgniter\Model->countAllResults()
#5 /home/flavioepimentel/Área de Trabalho/PDI/projeto_portfólio/example-crud-php-fullstack/app/Controllers/User.php(20): CodeIgniter\BaseModel->paginate()
#6 /home/flavioepimentel/Área de Trabalho/PDI/projeto_portfólio/example-crud-php-fullstack/system/CodeIgniter.php(932): App\Controllers\User->getIndex()
#7 /home/flavioepimentel/Área de Trabalho/PDI/projeto_portfólio/example-crud-php-fullstack/system/CodeIgniter.php(497): CodeIgniter\CodeIgniter->runController()
#8 /home/flavioepimentel/Área de Trabalho/PDI/projeto_portfólio/example-crud-php-fullstack/system/CodeIgniter.php(366): CodeIgniter\CodeIgniter->handleRequest()
#9 /home/flavioepimentel/Área de Trabalho/PDI/projeto_portfólio/example-crud-php-fullstack/public/index.php(67): CodeIgniter\CodeIgniter->run()
#10 /home/flavioepimentel/Área de Trabalho/PDI/projeto_portfólio/example-crud-php-fullstack/system/Commands/Server/rewrite.php(47): require_once('...')
#11 {main}
CRITICAL - 2023-07-07 19:29:12 --> Unable to connect to the database.
Main connection [MySQLi]: Access denied for user '****'@'localhost'
in SYSTEMPATH/Database/BaseConnection.php on line 427.
 1 SYSTEMPATH/Database/BaseConnection.php(574): CodeIgniter\Database\BaseConnection->initialize()
 2 SYSTEMPATH/Database/BaseBuilder.php(1700): CodeIgniter\Database\BaseConnection->query()
 3 SYSTEMPATH/Model.php(606): CodeIgniter\Database\BaseBuilder->countAllResults()
 4 SYSTEMPATH/BaseModel.php(1188): CodeIgniter\Model->countAllResults()
 5 APPPATH/Controllers/User.php(20): CodeIgniter\BaseModel->paginate()
 6 SYSTEMPATH/CodeIgniter.php(932): App\Controllers\User->getIndex()
 7 SYSTEMPATH/CodeIgniter.php(497): CodeIgniter\CodeIgniter->runController()
 8 SYSTEMPATH/CodeIgniter.php(366): CodeIgniter\CodeIgniter->handleRequest()
 9 FCPATH/index.php(67): CodeIgniter\CodeIgniter->run()
10 SYSTEMPATH/Commands/Server/rewrite.php(47): require_once('/home/flavioepimentel/Área de Trabalho/PDI/projeto_portfólio/example-crud-php-fullstack/public/index.php')
ERROR - 2023-07-07 19:32:39 --> Error connecting to the database: mysqli_sql_exception: Access denied for user 'root'@'localhost' in /home/flavioepimentel/Área de Trabalho/PDI/projeto_portfólio/example-crud-php-fullstack/system/Database/MySQLi/Connection.php:174
Stack trace:
#0 /home/flavioepimentel/Área de Trabalho/PDI/projeto_portfólio/example-crud-php-fullstack/system/Database/MySQLi/Connection.php(174): mysqli->real_connect()
#1 /home/flavioepimentel/Área de Trabalho/PDI/projeto_portfólio/example-crud-php-fullstack/system/Database/BaseConnection.php(391): CodeIgniter\Database\MySQLi\Connection->connect()
#2 /home/flavioepimentel/Área de Trabalho/PDI/projeto_portfólio/example-crud-php-fullstack/system/Database/BaseConnection.php(574): CodeIgniter\Database\BaseConnection->initialize()
#3 /home/flavioepimentel/Área de Trabalho/PDI/projeto_portfólio/example-crud-php-fullstack/system/Database/BaseBuilder.php(1700): CodeIgniter\Database\BaseConnection->query()
#4 /home/flavioepimentel/Área de Trabalho/PDI/projeto_portfólio/example-crud-php-fullstack/system/Model.php(606): CodeIgniter\Database\BaseBuilder->countAllResults()
#5 /home/flavioepimentel/Área de Trabalho/PDI/projeto_portfólio/example-crud-php-fullstack/system/BaseModel.php(1188): CodeIgniter\Model->countAllResults()
#6 /home/flavioepimentel/Área de Trabalho/PDI/projeto_portfólio/example-crud-php-fullstack/app/Controllers/User.php(20): CodeIgniter\BaseModel->paginate()
#7 /home/flavioepimentel/Área de Trabalho/PDI/projeto_portfólio/example-crud-php-fullstack/system/CodeIgniter.php(932): App\Controllers\User->getIndex()
#8 /home/flavioepimentel/Área de Trabalho/PDI/projeto_portfólio/example-crud-php-fullstack/system/CodeIgniter.php(497): CodeIgniter\CodeIgniter->runController()
#9 /home/flavioepimentel/Área de Trabalho/PDI/projeto_portfólio/example-crud-php-fullstack/system/CodeIgniter.php(366): CodeIgniter\CodeIgniter->handleRequest()
#10 /home/flavioepimentel/Área de Trabalho/PDI/projeto_portfólio/example-crud-php-fullstack/public/index.php(67): CodeIgniter\CodeIgniter->run()
#11 /home/flavioepimentel/Área de Trabalho/PDI/projeto_portfólio/example-crud-php-fullstack/system/Commands/Server/rewrite.php(47): require_once('...')
#12 {main}

Next CodeIgniter\Database\Exceptions\DatabaseException: Access denied for user '****'@'localhost' in /home/flavioepimentel/Área de Trabalho/PDI/projeto_portfólio/example-crud-php-fullstack/system/Database/MySQLi/Connection.php:218
Stack trace:
#0 /home/flavioepimentel/Área de Trabalho/PDI/projeto_portfólio/example-crud-php-fullstack/system/Database/BaseConnection.php(391): CodeIgniter\Database\MySQLi\Connection->connect()
#1 /home/flavioepimentel/Área de Trabalho/PDI/projeto_portfólio/example-crud-php-fullstack/system/Database/BaseConnection.php(574): CodeIgniter\Database\BaseConnection->initialize()
#2 /home/flavioepimentel/Área de Trabalho/PDI/projeto_portfólio/example-crud-php-fullstack/system/Database/BaseBuilder.php(1700): CodeIgniter\Database\BaseConnection->query()
#3 /home/flavioepimentel/Área de Trabalho/PDI/projeto_portfólio/example-crud-php-fullstack/system/Model.php(606): CodeIgniter\Database\BaseBuilder->countAllResults()
#4 /home/flavioepimentel/Área de Trabalho/PDI/projeto_portfólio/example-crud-php-fullstack/system/BaseModel.php(1188): CodeIgniter\Model->countAllResults()
#5 /home/flavioepimentel/Área de Trabalho/PDI/projeto_portfólio/example-crud-php-fullstack/app/Controllers/User.php(20): CodeIgniter\BaseModel->paginate()
#6 /home/flavioepimentel/Área de Trabalho/PDI/projeto_portfólio/example-crud-php-fullstack/system/CodeIgniter.php(932): App\Controllers\User->getIndex()
#7 /home/flavioepimentel/Área de Trabalho/PDI/projeto_portfólio/example-crud-php-fullstack/system/CodeIgniter.php(497): CodeIgniter\CodeIgniter->runController()
#8 /home/flavioepimentel/Área de Trabalho/PDI/projeto_portfólio/example-crud-php-fullstack/system/CodeIgniter.php(366): CodeIgniter\CodeIgniter->handleRequest()
#9 /home/flavioepimentel/Área de Trabalho/PDI/projeto_portfólio/example-crud-php-fullstack/public/index.php(67): CodeIgniter\CodeIgniter->run()
#10 /home/flavioepimentel/Área de Trabalho/PDI/projeto_portfólio/example-crud-php-fullstack/system/Commands/Server/rewrite.php(47): require_once('...')
#11 {main}
CRITICAL - 2023-07-07 19:32:39 --> Unable to connect to the database.
Main connection [MySQLi]: Access denied for user '****'@'localhost'
in SYSTEMPATH/Database/BaseConnection.php on line 427.
 1 SYSTEMPATH/Database/BaseConnection.php(574): CodeIgniter\Database\BaseConnection->initialize()
 2 SYSTEMPATH/Database/BaseBuilder.php(1700): CodeIgniter\Database\BaseConnection->query()
 3 SYSTEMPATH/Model.php(606): CodeIgniter\Database\BaseBuilder->countAllResults()
 4 SYSTEMPATH/BaseModel.php(1188): CodeIgniter\Model->countAllResults()
 5 APPPATH/Controllers/User.php(20): CodeIgniter\BaseModel->paginate()
 6 SYSTEMPATH/CodeIgniter.php(932): App\Controllers\User->getIndex()
 7 SYSTEMPATH/CodeIgniter.php(497): CodeIgniter\CodeIgniter->runController()
 8 SYSTEMPATH/CodeIgniter.php(366): CodeIgniter\CodeIgniter->handleRequest()
 9 FCPATH/index.php(67): CodeIgniter\CodeIgniter->run()
10 SYSTEMPATH/Commands/Server/rewrite.php(47): require_once('/home/flavioepimentel/Área de Trabalho/PDI/projeto_portfólio/example-crud-php-fullstack/public/index.php')
ERROR - 2023-07-07 19:32:42 --> Error connecting to the database: mysqli_sql_exception: Access denied for user 'root'@'localhost' in /home/flavioepimentel/Área de Trabalho/PDI/projeto_portfólio/example-crud-php-fullstack/system/Database/MySQLi/Connection.php:174
Stack trace:
#0 /home/flavioepimentel/Área de Trabalho/PDI/projeto_portfólio/example-crud-php-fullstack/system/Database/MySQLi/Connection.php(174): mysqli->real_connect()
#1 /home/flavioepimentel/Área de Trabalho/PDI/projeto_portfólio/example-crud-php-fullstack/system/Database/BaseConnection.php(391): CodeIgniter\Database\MySQLi\Connection->connect()
#2 /home/flavioepimentel/Área de Trabalho/PDI/projeto_portfólio/example-crud-php-fullstack/system/Database/BaseConnection.php(574): CodeIgniter\Database\BaseConnection->initialize()
#3 /home/flavioepimentel/Área de Trabalho/PDI/projeto_portfólio/example-crud-php-fullstack/system/Database/BaseBuilder.php(1700): CodeIgniter\Database\BaseConnection->query()
#4 /home/flavioepimentel/Área de Trabalho/PDI/projeto_portfólio/example-crud-php-fullstack/system/Model.php(606): CodeIgniter\Database\BaseBuilder->countAllResults()
#5 /home/flavioepimentel/Área de Trabalho/PDI/projeto_portfólio/example-crud-php-fullstack/system/BaseModel.php(1188): CodeIgniter\Model->countAllResults()
#6 /home/flavioepimentel/Área de Trabalho/PDI/projeto_portfólio/example-crud-php-fullstack/app/Controllers/User.php(20): CodeIgniter\BaseModel->paginate()
#7 /home/flavioepimentel/Área de Trabalho/PDI/projeto_portfólio/example-crud-php-fullstack/system/CodeIgniter.php(932): App\Controllers\User->getIndex()
#8 /home/flavioepimentel/Área de Trabalho/PDI/projeto_portfólio/example-crud-php-fullstack/system/CodeIgniter.php(497): CodeIgniter\CodeIgniter->runController()
#9 /home/flavioepimentel/Área de Trabalho/PDI/projeto_portfólio/example-crud-php-fullstack/system/CodeIgniter.php(366): CodeIgniter\CodeIgniter->handleRequest()
#10 /home/flavioepimentel/Área de Trabalho/PDI/projeto_portfólio/example-crud-php-fullstack/public/index.php(67): CodeIgniter\CodeIgniter->run()
#11 /home/flavioepimentel/Área de Trabalho/PDI/projeto_portfólio/example-crud-php-fullstack/system/Commands/Server/rewrite.php(47): require_once('...')
#12 {main}

Next CodeIgniter\Database\Exceptions\DatabaseException: Access denied for user '****'@'localhost' in /home/flavioepimentel/Área de Trabalho/PDI/projeto_portfólio/example-crud-php-fullstack/system/Database/MySQLi/Connection.php:218
Stack trace:
#0 /home/flavioepimentel/Área de Trabalho/PDI/projeto_portfólio/example-crud-php-fullstack/system/Database/BaseConnection.php(391): CodeIgniter\Database\MySQLi\Connection->connect()
#1 /home/flavioepimentel/Área de Trabalho/PDI/projeto_portfólio/example-crud-php-fullstack/system/Database/BaseConnection.php(574): CodeIgniter\Database\BaseConnection->initialize()
#2 /home/flavioepimentel/Área de Trabalho/PDI/projeto_portfólio/example-crud-php-fullstack/system/Database/BaseBuilder.php(1700): CodeIgniter\Database\BaseConnection->query()
#3 /home/flavioepimentel/Área de Trabalho/PDI/projeto_portfólio/example-crud-php-fullstack/system/Model.php(606): CodeIgniter\Database\BaseBuilder->countAllResults()
#4 /home/flavioepimentel/Área de Trabalho/PDI/projeto_portfólio/example-crud-php-fullstack/system/BaseModel.php(1188): CodeIgniter\Model->countAllResults()
#5 /home/flavioepimentel/Área de Trabalho/PDI/projeto_portfólio/example-crud-php-fullstack/app/Controllers/User.php(20): CodeIgniter\BaseModel->paginate()
#6 /home/flavioepimentel/Área de Trabalho/PDI/projeto_portfólio/example-crud-php-fullstack/system/CodeIgniter.php(932): App\Controllers\User->getIndex()
#7 /home/flavioepimentel/Área de Trabalho/PDI/projeto_portfólio/example-crud-php-fullstack/system/CodeIgniter.php(497): CodeIgniter\CodeIgniter->runController()
#8 /home/flavioepimentel/Área de Trabalho/PDI/projeto_portfólio/example-crud-php-fullstack/system/CodeIgniter.php(366): CodeIgniter\CodeIgniter->handleRequest()
#9 /home/flavioepimentel/Área de Trabalho/PDI/projeto_portfólio/example-crud-php-fullstack/public/index.php(67): CodeIgniter\CodeIgniter->run()
#10 /home/flavioepimentel/Área de Trabalho/PDI/projeto_portfólio/example-crud-php-fullstack/system/Commands/Server/rewrite.php(47): require_once('...')
#11 {main}
CRITICAL - 2023-07-07 19:32:42 --> Unable to connect to the database.
Main connection [MySQLi]: Access denied for user '****'@'localhost'
in SYSTEMPATH/Database/BaseConnection.php on line 427.
 1 SYSTEMPATH/Database/BaseConnection.php(574): CodeIgniter\Database\BaseConnection->initialize()
 2 SYSTEMPATH/Database/BaseBuilder.php(1700): CodeIgniter\Database\BaseConnection->query()
 3 SYSTEMPATH/Model.php(606): CodeIgniter\Database\BaseBuilder->countAllResults()
 4 SYSTEMPATH/BaseModel.php(1188): CodeIgniter\Model->countAllResults()
 5 APPPATH/Controllers/User.php(20): CodeIgniter\BaseModel->paginate()
 6 SYSTEMPATH/CodeIgniter.php(932): App\Controllers\User->getIndex()
 7 SYSTEMPATH/CodeIgniter.php(497): CodeIgniter\CodeIgniter->runController()
 8 SYSTEMPATH/CodeIgniter.php(366): CodeIgniter\CodeIgniter->handleRequest()
 9 FCPATH/index.php(67): CodeIgniter\CodeIgniter->run()
10 SYSTEMPATH/Commands/Server/rewrite.php(47): require_once('/home/flavioepimentel/Área de Trabalho/PDI/projeto_portfólio/example-crud-php-fullstack/public/index.php')
ERROR - 2023-07-07 19:32:44 --> Error connecting to the database: mysqli_sql_exception: Access denied for user 'root'@'localhost' in /home/flavioepimentel/Área de Trabalho/PDI/projeto_portfólio/example-crud-php-fullstack/system/Database/MySQLi/Connection.php:174
Stack trace:
#0 /home/flavioepimentel/Área de Trabalho/PDI/projeto_portfólio/example-crud-php-fullstack/system/Database/MySQLi/Connection.php(174): mysqli->real_connect()
#1 /home/flavioepimentel/Área de Trabalho/PDI/projeto_portfólio/example-crud-php-fullstack/system/Database/BaseConnection.php(391): CodeIgniter\Database\MySQLi\Connection->connect()
#2 /home/flavioepimentel/Área de Trabalho/PDI/projeto_portfólio/example-crud-php-fullstack/system/Database/BaseConnection.php(574): CodeIgniter\Database\BaseConnection->initialize()
#3 /home/flavioepimentel/Área de Trabalho/PDI/projeto_portfólio/example-crud-php-fullstack/system/Database/BaseBuilder.php(1700): CodeIgniter\Database\BaseConnection->query()
#4 /home/flavioepimentel/Área de Trabalho/PDI/projeto_portfólio/example-crud-php-fullstack/system/Model.php(606): CodeIgniter\Database\BaseBuilder->countAllResults()
#5 /home/flavioepimentel/Área de Trabalho/PDI/projeto_portfólio/example-crud-php-fullstack/system/BaseModel.php(1188): CodeIgniter\Model->countAllResults()
#6 /home/flavioepimentel/Área de Trabalho/PDI/projeto_portfólio/example-crud-php-fullstack/app/Controllers/User.php(20): CodeIgniter\BaseModel->paginate()
#7 /home/flavioepimentel/Área de Trabalho/PDI/projeto_portfólio/example-crud-php-fullstack/system/CodeIgniter.php(932): App\Controllers\User->getIndex()
#8 /home/flavioepimentel/Área de Trabalho/PDI/projeto_portfólio/example-crud-php-fullstack/system/CodeIgniter.php(497): CodeIgniter\CodeIgniter->runController()
#9 /home/flavioepimentel/Área de Trabalho/PDI/projeto_portfólio/example-crud-php-fullstack/system/CodeIgniter.php(366): CodeIgniter\CodeIgniter->handleRequest()
#10 /home/flavioepimentel/Área de Trabalho/PDI/projeto_portfólio/example-crud-php-fullstack/public/index.php(67): CodeIgniter\CodeIgniter->run()
#11 /home/flavioepimentel/Área de Trabalho/PDI/projeto_portfólio/example-crud-php-fullstack/system/Commands/Server/rewrite.php(47): require_once('...')
#12 {main}

Next CodeIgniter\Database\Exceptions\DatabaseException: Access denied for user '****'@'localhost' in /home/flavioepimentel/Área de Trabalho/PDI/projeto_portfólio/example-crud-php-fullstack/system/Database/MySQLi/Connection.php:218
Stack trace:
#0 /home/flavioepimentel/Área de Trabalho/PDI/projeto_portfólio/example-crud-php-fullstack/system/Database/BaseConnection.php(391): CodeIgniter\Database\MySQLi\Connection->connect()
#1 /home/flavioepimentel/Área de Trabalho/PDI/projeto_portfólio/example-crud-php-fullstack/system/Database/BaseConnection.php(574): CodeIgniter\Database\BaseConnection->initialize()
#2 /home/flavioepimentel/Área de Trabalho/PDI/projeto_portfólio/example-crud-php-fullstack/system/Database/BaseBuilder.php(1700): CodeIgniter\Database\BaseConnection->query()
#3 /home/flavioepimentel/Área de Trabalho/PDI/projeto_portfólio/example-crud-php-fullstack/system/Model.php(606): CodeIgniter\Database\BaseBuilder->countAllResults()
#4 /home/flavioepimentel/Área de Trabalho/PDI/projeto_portfólio/example-crud-php-fullstack/system/BaseModel.php(1188): CodeIgniter\Model->countAllResults()
#5 /home/flavioepimentel/Área de Trabalho/PDI/projeto_portfólio/example-crud-php-fullstack/app/Controllers/User.php(20): CodeIgniter\BaseModel->paginate()
#6 /home/flavioepimentel/Área de Trabalho/PDI/projeto_portfólio/example-crud-php-fullstack/system/CodeIgniter.php(932): App\Controllers\User->getIndex()
#7 /home/flavioepimentel/Área de Trabalho/PDI/projeto_portfólio/example-crud-php-fullstack/system/CodeIgniter.php(497): CodeIgniter\CodeIgniter->runController()
#8 /home/flavioepimentel/Área de Trabalho/PDI/projeto_portfólio/example-crud-php-fullstack/system/CodeIgniter.php(366): CodeIgniter\CodeIgniter->handleRequest()
#9 /home/flavioepimentel/Área de Trabalho/PDI/projeto_portfólio/example-crud-php-fullstack/public/index.php(67): CodeIgniter\CodeIgniter->run()
#10 /home/flavioepimentel/Área de Trabalho/PDI/projeto_portfólio/example-crud-php-fullstack/system/Commands/Server/rewrite.php(47): require_once('...')
#11 {main}
CRITICAL - 2023-07-07 19:32:44 --> Unable to connect to the database.
Main connection [MySQLi]: Access denied for user '****'@'localhost'
in SYSTEMPATH/Database/BaseConnection.php on line 427.
 1 SYSTEMPATH/Database/BaseConnection.php(574): CodeIgniter\Database\BaseConnection->initialize()
 2 SYSTEMPATH/Database/BaseBuilder.php(1700): CodeIgniter\Database\BaseConnection->query()
 3 SYSTEMPATH/Model.php(606): CodeIgniter\Database\BaseBuilder->countAllResults()
 4 SYSTEMPATH/BaseModel.php(1188): CodeIgniter\Model->countAllResults()
 5 APPPATH/Controllers/User.php(20): CodeIgniter\BaseModel->paginate()
 6 SYSTEMPATH/CodeIgniter.php(932): App\Controllers\User->getIndex()
 7 SYSTEMPATH/CodeIgniter.php(497): CodeIgniter\CodeIgniter->runController()
 8 SYSTEMPATH/CodeIgniter.php(366): CodeIgniter\CodeIgniter->handleRequest()
 9 FCPATH/index.php(67): CodeIgniter\CodeIgniter->run()
10 SYSTEMPATH/Commands/Server/rewrite.php(47): require_once('/home/flavioepimentel/Área de Trabalho/PDI/projeto_portfólio/example-crud-php-fullstack/public/index.php')
ERROR - 2023-07-07 20:56:28 --> Error connecting to the database: mysqli_sql_exception: Access denied for user 'root'@'localhost' in /home/flavioepimentel/Área de Trabalho/PDI/projeto_portfólio/example-crud-php-fullstack/system/Database/MySQLi/Connection.php:174
Stack trace:
#0 /home/flavioepimentel/Área de Trabalho/PDI/projeto_portfólio/example-crud-php-fullstack/system/Database/MySQLi/Connection.php(174): mysqli->real_connect()
#1 /home/flavioepimentel/Área de Trabalho/PDI/projeto_portfólio/example-crud-php-fullstack/system/Database/BaseConnection.php(391): CodeIgniter\Database\MySQLi\Connection->connect()
#2 /home/flavioepimentel/Área de Trabalho/PDI/projeto_portfólio/example-crud-php-fullstack/system/Database/BaseConnection.php(574): CodeIgniter\Database\BaseConnection->initialize()
#3 /home/flavioepimentel/Área de Trabalho/PDI/projeto_portfólio/example-crud-php-fullstack/system/Database/BaseBuilder.php(1700): CodeIgniter\Database\BaseConnection->query()
#4 /home/flavioepimentel/Área de Trabalho/PDI/projeto_portfólio/example-crud-php-fullstack/system/Model.php(606): CodeIgniter\Database\BaseBuilder->countAllResults()
#5 /home/flavioepimentel/Área de Trabalho/PDI/projeto_portfólio/example-crud-php-fullstack/system/BaseModel.php(1188): CodeIgniter\Model->countAllResults()
#6 /home/flavioepimentel/Área de Trabalho/PDI/projeto_portfólio/example-crud-php-fullstack/app/Controllers/User.php(20): CodeIgniter\BaseModel->paginate()
#7 /home/flavioepimentel/Área de Trabalho/PDI/projeto_portfólio/example-crud-php-fullstack/system/CodeIgniter.php(932): App\Controllers\User->getIndex()
#8 /home/flavioepimentel/Área de Trabalho/PDI/projeto_portfólio/example-crud-php-fullstack/system/CodeIgniter.php(497): CodeIgniter\CodeIgniter->runController()
#9 /home/flavioepimentel/Área de Trabalho/PDI/projeto_portfólio/example-crud-php-fullstack/system/CodeIgniter.php(366): CodeIgniter\CodeIgniter->handleRequest()
#10 /home/flavioepimentel/Área de Trabalho/PDI/projeto_portfólio/example-crud-php-fullstack/public/index.php(67): CodeIgniter\CodeIgniter->run()
#11 /home/flavioepimentel/Área de Trabalho/PDI/projeto_portfólio/example-crud-php-fullstack/system/Commands/Server/rewrite.php(47): require_once('...')
#12 {main}

Next CodeIgniter\Database\Exceptions\DatabaseException: Access denied for user '****'@'localhost' in /home/flavioepimentel/Área de Trabalho/PDI/projeto_portfólio/example-crud-php-fullstack/system/Database/MySQLi/Connection.php:218
Stack trace:
#0 /home/flavioepimentel/Área de Trabalho/PDI/projeto_portfólio/example-crud-php-fullstack/system/Database/BaseConnection.php(391): CodeIgniter\Database\MySQLi\Connection->connect()
#1 /home/flavioepimentel/Área de Trabalho/PDI/projeto_portfólio/example-crud-php-fullstack/system/Database/BaseConnection.php(574): CodeIgniter\Database\BaseConnection->initialize()
#2 /home/flavioepimentel/Área de Trabalho/PDI/projeto_portfólio/example-crud-php-fullstack/system/Database/BaseBuilder.php(1700): CodeIgniter\Database\BaseConnection->query()
#3 /home/flavioepimentel/Área de Trabalho/PDI/projeto_portfólio/example-crud-php-fullstack/system/Model.php(606): CodeIgniter\Database\BaseBuilder->countAllResults()
#4 /home/flavioepimentel/Área de Trabalho/PDI/projeto_portfólio/example-crud-php-fullstack/system/BaseModel.php(1188): CodeIgniter\Model->countAllResults()
#5 /home/flavioepimentel/Área de Trabalho/PDI/projeto_portfólio/example-crud-php-fullstack/app/Controllers/User.php(20): CodeIgniter\BaseModel->paginate()
#6 /home/flavioepimentel/Área de Trabalho/PDI/projeto_portfólio/example-crud-php-fullstack/system/CodeIgniter.php(932): App\Controllers\User->getIndex()
#7 /home/flavioepimentel/Área de Trabalho/PDI/projeto_portfólio/example-crud-php-fullstack/system/CodeIgniter.php(497): CodeIgniter\CodeIgniter->runController()
#8 /home/flavioepimentel/Área de Trabalho/PDI/projeto_portfólio/example-crud-php-fullstack/system/CodeIgniter.php(366): CodeIgniter\CodeIgniter->handleRequest()
#9 /home/flavioepimentel/Área de Trabalho/PDI/projeto_portfólio/example-crud-php-fullstack/public/index.php(67): CodeIgniter\CodeIgniter->run()
#10 /home/flavioepimentel/Área de Trabalho/PDI/projeto_portfólio/example-crud-php-fullstack/system/Commands/Server/rewrite.php(47): require_once('...')
#11 {main}
CRITICAL - 2023-07-07 20:56:28 --> Unable to connect to the database.
Main connection [MySQLi]: Access denied for user '****'@'localhost'
in SYSTEMPATH/Database/BaseConnection.php on line 427.
 1 SYSTEMPATH/Database/BaseConnection.php(574): CodeIgniter\Database\BaseConnection->initialize()
 2 SYSTEMPATH/Database/BaseBuilder.php(1700): CodeIgniter\Database\BaseConnection->query()
 3 SYSTEMPATH/Model.php(606): CodeIgniter\Database\BaseBuilder->countAllResults()
 4 SYSTEMPATH/BaseModel.php(1188): CodeIgniter\Model->countAllResults()
 5 APPPATH/Controllers/User.php(20): CodeIgniter\BaseModel->paginate()
 6 SYSTEMPATH/CodeIgniter.php(932): App\Controllers\User->getIndex()
 7 SYSTEMPATH/CodeIgniter.php(497): CodeIgniter\CodeIgniter->runController()
 8 SYSTEMPATH/CodeIgniter.php(366): CodeIgniter\CodeIgniter->handleRequest()
 9 FCPATH/index.php(67): CodeIgniter\CodeIgniter->run()
10 SYSTEMPATH/Commands/Server/rewrite.php(47): require_once('/home/flavioepimentel/Área de Trabalho/PDI/projeto_portfólio/example-crud-php-fullstack/public/index.php')
ERROR - 2023-07-07 20:57:43 --> Error connecting to the database: mysqli_sql_exception: Access denied for user 'root'@'localhost' in /home/flavioepimentel/Área de Trabalho/PDI/projeto_portfólio/example-crud-php-fullstack/system/Database/MySQLi/Connection.php:174
Stack trace:
#0 /home/flavioepimentel/Área de Trabalho/PDI/projeto_portfólio/example-crud-php-fullstack/system/Database/MySQLi/Connection.php(174): mysqli->real_connect()
#1 /home/flavioepimentel/Área de Trabalho/PDI/projeto_portfólio/example-crud-php-fullstack/system/Database/BaseConnection.php(391): CodeIgniter\Database\MySQLi\Connection->connect()
#2 /home/flavioepimentel/Área de Trabalho/PDI/projeto_portfólio/example-crud-php-fullstack/system/Database/BaseConnection.php(574): CodeIgniter\Database\BaseConnection->initialize()
#3 /home/flavioepimentel/Área de Trabalho/PDI/projeto_portfólio/example-crud-php-fullstack/system/Database/BaseBuilder.php(1616): CodeIgniter\Database\BaseConnection->query()
#4 /home/flavioepimentel/Área de Trabalho/PDI/projeto_portfólio/example-crud-php-fullstack/system/Model.php(241): CodeIgniter\Database\BaseBuilder->get()
#5 /home/flavioepimentel/Área de Trabalho/PDI/projeto_portfólio/example-crud-php-fullstack/system/BaseModel.php(618): CodeIgniter\Model->doFindAll()
#6 /home/flavioepimentel/Área de Trabalho/PDI/projeto_portfólio/example-crud-php-fullstack/app/Controllers/User.php(20): CodeIgniter\BaseModel->findAll()
#7 /home/flavioepimentel/Área de Trabalho/PDI/projeto_portfólio/example-crud-php-fullstack/system/CodeIgniter.php(932): App\Controllers\User->getIndex()
#8 /home/flavioepimentel/Área de Trabalho/PDI/projeto_portfólio/example-crud-php-fullstack/system/CodeIgniter.php(497): CodeIgniter\CodeIgniter->runController()
#9 /home/flavioepimentel/Área de Trabalho/PDI/projeto_portfólio/example-crud-php-fullstack/system/CodeIgniter.php(366): CodeIgniter\CodeIgniter->handleRequest()
#10 /home/flavioepimentel/Área de Trabalho/PDI/projeto_portfólio/example-crud-php-fullstack/public/index.php(67): CodeIgniter\CodeIgniter->run()
#11 /home/flavioepimentel/Área de Trabalho/PDI/projeto_portfólio/example-crud-php-fullstack/system/Commands/Server/rewrite.php(47): require_once('...')
#12 {main}

Next CodeIgniter\Database\Exceptions\DatabaseException: Access denied for user '****'@'localhost' in /home/flavioepimentel/Área de Trabalho/PDI/projeto_portfólio/example-crud-php-fullstack/system/Database/MySQLi/Connection.php:218
Stack trace:
#0 /home/flavioepimentel/Área de Trabalho/PDI/projeto_portfólio/example-crud-php-fullstack/system/Database/BaseConnection.php(391): CodeIgniter\Database\MySQLi\Connection->connect()
#1 /home/flavioepimentel/Área de Trabalho/PDI/projeto_portfólio/example-crud-php-fullstack/system/Database/BaseConnection.php(574): CodeIgniter\Database\BaseConnection->initialize()
#2 /home/flavioepimentel/Área de Trabalho/PDI/projeto_portfólio/example-crud-php-fullstack/system/Database/BaseBuilder.php(1616): CodeIgniter\Database\BaseConnection->query()
#3 /home/flavioepimentel/Área de Trabalho/PDI/projeto_portfólio/example-crud-php-fullstack/system/Model.php(241): CodeIgniter\Database\BaseBuilder->get()
#4 /home/flavioepimentel/Área de Trabalho/PDI/projeto_portfólio/example-crud-php-fullstack/system/BaseModel.php(618): CodeIgniter\Model->doFindAll()
#5 /home/flavioepimentel/Área de Trabalho/PDI/projeto_portfólio/example-crud-php-fullstack/app/Controllers/User.php(20): CodeIgniter\BaseModel->findAll()
#6 /home/flavioepimentel/Área de Trabalho/PDI/projeto_portfólio/example-crud-php-fullstack/system/CodeIgniter.php(932): App\Controllers\User->getIndex()
#7 /home/flavioepimentel/Área de Trabalho/PDI/projeto_portfólio/example-crud-php-fullstack/system/CodeIgniter.php(497): CodeIgniter\CodeIgniter->runController()
#8 /home/flavioepimentel/Área de Trabalho/PDI/projeto_portfólio/example-crud-php-fullstack/system/CodeIgniter.php(366): CodeIgniter\CodeIgniter->handleRequest()
#9 /home/flavioepimentel/Área de Trabalho/PDI/projeto_portfólio/example-crud-php-fullstack/public/index.php(67): CodeIgniter\CodeIgniter->run()
#10 /home/flavioepimentel/Área de Trabalho/PDI/projeto_portfólio/example-crud-php-fullstack/system/Commands/Server/rewrite.php(47): require_once('...')
#11 {main}
CRITICAL - 2023-07-07 20:57:43 --> Unable to connect to the database.
Main connection [MySQLi]: Access denied for user '****'@'localhost'
in SYSTEMPATH/Database/BaseConnection.php on line 427.
 1 SYSTEMPATH/Database/BaseConnection.php(574): CodeIgniter\Database\BaseConnection->initialize()
 2 SYSTEMPATH/Database/BaseBuilder.php(1616): CodeIgniter\Database\BaseConnection->query()
 3 SYSTEMPATH/Model.php(241): CodeIgniter\Database\BaseBuilder->get()
 4 SYSTEMPATH/BaseModel.php(618): CodeIgniter\Model->doFindAll()
 5 APPPATH/Controllers/User.php(20): CodeIgniter\BaseModel->findAll()
 6 SYSTEMPATH/CodeIgniter.php(932): App\Controllers\User->getIndex()
 7 SYSTEMPATH/CodeIgniter.php(497): CodeIgniter\CodeIgniter->runController()
 8 SYSTEMPATH/CodeIgniter.php(366): CodeIgniter\CodeIgniter->handleRequest()
 9 FCPATH/index.php(67): CodeIgniter\CodeIgniter->run()
10 SYSTEMPATH/Commands/Server/rewrite.php(47): require_once('/home/flavioepimentel/Área de Trabalho/PDI/projeto_portfólio/example-crud-php-fullstack/public/index.php')
ERROR - 2023-07-07 21:00:24 --> Error connecting to the database: mysqli_sql_exception: Access denied for user 'root'@'localhost' in /home/flavioepimentel/Área de Trabalho/PDI/projeto_portfólio/example-crud-php-fullstack/system/Database/MySQLi/Connection.php:174
Stack trace:
#0 /home/flavioepimentel/Área de Trabalho/PDI/projeto_portfólio/example-crud-php-fullstack/system/Database/MySQLi/Connection.php(174): mysqli->real_connect()
#1 /home/flavioepimentel/Área de Trabalho/PDI/projeto_portfólio/example-crud-php-fullstack/system/Database/BaseConnection.php(391): CodeIgniter\Database\MySQLi\Connection->connect()
#2 /home/flavioepimentel/Área de Trabalho/PDI/projeto_portfólio/example-crud-php-fullstack/system/Database/BaseConnection.php(574): CodeIgniter\Database\BaseConnection->initialize()
#3 /home/flavioepimentel/Área de Trabalho/PDI/projeto_portfólio/example-crud-php-fullstack/system/Database/BaseBuilder.php(1616): CodeIgniter\Database\BaseConnection->query()
#4 /home/flavioepimentel/Área de Trabalho/PDI/projeto_portfólio/example-crud-php-fullstack/system/Model.php(241): CodeIgniter\Database\BaseBuilder->get()
#5 /home/flavioepimentel/Área de Trabalho/PDI/projeto_portfólio/example-crud-php-fullstack/system/BaseModel.php(618): CodeIgniter\Model->doFindAll()
#6 /home/flavioepimentel/Área de Trabalho/PDI/projeto_portfólio/example-crud-php-fullstack/app/Controllers/User.php(20): CodeIgniter\BaseModel->findAll()
#7 /home/flavioepimentel/Área de Trabalho/PDI/projeto_portfólio/example-crud-php-fullstack/system/CodeIgniter.php(932): App\Controllers\User->getIndex()
#8 /home/flavioepimentel/Área de Trabalho/PDI/projeto_portfólio/example-crud-php-fullstack/system/CodeIgniter.php(497): CodeIgniter\CodeIgniter->runController()
#9 /home/flavioepimentel/Área de Trabalho/PDI/projeto_portfólio/example-crud-php-fullstack/system/CodeIgniter.php(366): CodeIgniter\CodeIgniter->handleRequest()
#10 /home/flavioepimentel/Área de Trabalho/PDI/projeto_portfólio/example-crud-php-fullstack/public/index.php(67): CodeIgniter\CodeIgniter->run()
#11 /home/flavioepimentel/Área de Trabalho/PDI/projeto_portfólio/example-crud-php-fullstack/system/Commands/Server/rewrite.php(47): require_once('...')
#12 {main}

Next CodeIgniter\Database\Exceptions\DatabaseException: Access denied for user '****'@'localhost' in /home/flavioepimentel/Área de Trabalho/PDI/projeto_portfólio/example-crud-php-fullstack/system/Database/MySQLi/Connection.php:218
Stack trace:
#0 /home/flavioepimentel/Área de Trabalho/PDI/projeto_portfólio/example-crud-php-fullstack/system/Database/BaseConnection.php(391): CodeIgniter\Database\MySQLi\Connection->connect()
#1 /home/flavioepimentel/Área de Trabalho/PDI/projeto_portfólio/example-crud-php-fullstack/system/Database/BaseConnection.php(574): CodeIgniter\Database\BaseConnection->initialize()
#2 /home/flavioepimentel/Área de Trabalho/PDI/projeto_portfólio/example-crud-php-fullstack/system/Database/BaseBuilder.php(1616): CodeIgniter\Database\BaseConnection->query()
#3 /home/flavioepimentel/Área de Trabalho/PDI/projeto_portfólio/example-crud-php-fullstack/system/Model.php(241): CodeIgniter\Database\BaseBuilder->get()
#4 /home/flavioepimentel/Área de Trabalho/PDI/projeto_portfólio/example-crud-php-fullstack/system/BaseModel.php(618): CodeIgniter\Model->doFindAll()
#5 /home/flavioepimentel/Área de Trabalho/PDI/projeto_portfólio/example-crud-php-fullstack/app/Controllers/User.php(20): CodeIgniter\BaseModel->findAll()
#6 /home/flavioepimentel/Área de Trabalho/PDI/projeto_portfólio/example-crud-php-fullstack/system/CodeIgniter.php(932): App\Controllers\User->getIndex()
#7 /home/flavioepimentel/Área de Trabalho/PDI/projeto_portfólio/example-crud-php-fullstack/system/CodeIgniter.php(497): CodeIgniter\CodeIgniter->runController()
#8 /home/flavioepimentel/Área de Trabalho/PDI/projeto_portfólio/example-crud-php-fullstack/system/CodeIgniter.php(366): CodeIgniter\CodeIgniter->handleRequest()
#9 /home/flavioepimentel/Área de Trabalho/PDI/projeto_portfólio/example-crud-php-fullstack/public/index.php(67): CodeIgniter\CodeIgniter->run()
#10 /home/flavioepimentel/Área de Trabalho/PDI/projeto_portfólio/example-crud-php-fullstack/system/Commands/Server/rewrite.php(47): require_once('...')
#11 {main}
CRITICAL - 2023-07-07 21:00:24 --> Unable to connect to the database.
Main connection [MySQLi]: Access denied for user '****'@'localhost'
in SYSTEMPATH/Database/BaseConnection.php on line 427.
 1 SYSTEMPATH/Database/BaseConnection.php(574): CodeIgniter\Database\BaseConnection->initialize()
 2 SYSTEMPATH/Database/BaseBuilder.php(1616): CodeIgniter\Database\BaseConnection->query()
 3 SYSTEMPATH/Model.php(241): CodeIgniter\Database\BaseBuilder->get()
 4 SYSTEMPATH/BaseModel.php(618): CodeIgniter\Model->doFindAll()
 5 APPPATH/Controllers/User.php(20): CodeIgniter\BaseModel->findAll()
 6 SYSTEMPATH/CodeIgniter.php(932): App\Controllers\User->getIndex()
 7 SYSTEMPATH/CodeIgniter.php(497): CodeIgniter\CodeIgniter->runController()
 8 SYSTEMPATH/CodeIgniter.php(366): CodeIgniter\CodeIgniter->handleRequest()
 9 FCPATH/index.php(67): CodeIgniter\CodeIgniter->run()
10 SYSTEMPATH/Commands/Server/rewrite.php(47): require_once('/home/flavioepimentel/Área de Trabalho/PDI/projeto_portfólio/example-crud-php-fullstack/public/index.php')
ERROR - 2023-07-07 21:00:33 --> Error connecting to the database: mysqli_sql_exception: Access denied for user 'root'@'localhost' in /home/flavioepimentel/Área de Trabalho/PDI/projeto_portfólio/example-crud-php-fullstack/system/Database/MySQLi/Connection.php:174
Stack trace:
#0 /home/flavioepimentel/Área de Trabalho/PDI/projeto_portfólio/example-crud-php-fullstack/system/Database/MySQLi/Connection.php(174): mysqli->real_connect()
#1 /home/flavioepimentel/Área de Trabalho/PDI/projeto_portfólio/example-crud-php-fullstack/system/Database/BaseConnection.php(391): CodeIgniter\Database\MySQLi\Connection->connect()
#2 /home/flavioepimentel/Área de Trabalho/PDI/projeto_portfólio/example-crud-php-fullstack/system/Database/BaseConnection.php(574): CodeIgniter\Database\BaseConnection->initialize()
#3 /home/flavioepimentel/Área de Trabalho/PDI/projeto_portfólio/example-crud-php-fullstack/system/Database/BaseBuilder.php(1616): CodeIgniter\Database\BaseConnection->query()
#4 /home/flavioepimentel/Área de Trabalho/PDI/projeto_portfólio/example-crud-php-fullstack/system/Model.php(241): CodeIgniter\Database\BaseBuilder->get()
#5 /home/flavioepimentel/Área de Trabalho/PDI/projeto_portfólio/example-crud-php-fullstack/system/BaseModel.php(618): CodeIgniter\Model->doFindAll()
#6 /home/flavioepimentel/Área de Trabalho/PDI/projeto_portfólio/example-crud-php-fullstack/app/Controllers/User.php(20): CodeIgniter\BaseModel->findAll()
#7 /home/flavioepimentel/Área de Trabalho/PDI/projeto_portfólio/example-crud-php-fullstack/system/CodeIgniter.php(932): App\Controllers\User->getIndex()
#8 /home/flavioepimentel/Área de Trabalho/PDI/projeto_portfólio/example-crud-php-fullstack/system/CodeIgniter.php(497): CodeIgniter\CodeIgniter->runController()
#9 /home/flavioepimentel/Área de Trabalho/PDI/projeto_portfólio/example-crud-php-fullstack/system/CodeIgniter.php(366): CodeIgniter\CodeIgniter->handleRequest()
#10 /home/flavioepimentel/Área de Trabalho/PDI/projeto_portfólio/example-crud-php-fullstack/public/index.php(67): CodeIgniter\CodeIgniter->run()
#11 /home/flavioepimentel/Área de Trabalho/PDI/projeto_portfólio/example-crud-php-fullstack/system/Commands/Server/rewrite.php(47): require_once('...')
#12 {main}

Next CodeIgniter\Database\Exceptions\DatabaseException: Access denied for user '****'@'localhost' in /home/flavioepimentel/Área de Trabalho/PDI/projeto_portfólio/example-crud-php-fullstack/system/Database/MySQLi/Connection.php:218
Stack trace:
#0 /home/flavioepimentel/Área de Trabalho/PDI/projeto_portfólio/example-crud-php-fullstack/system/Database/BaseConnection.php(391): CodeIgniter\Database\MySQLi\Connection->connect()
#1 /home/flavioepimentel/Área de Trabalho/PDI/projeto_portfólio/example-crud-php-fullstack/system/Database/BaseConnection.php(574): CodeIgniter\Database\BaseConnection->initialize()
#2 /home/flavioepimentel/Área de Trabalho/PDI/projeto_portfólio/example-crud-php-fullstack/system/Database/BaseBuilder.php(1616): CodeIgniter\Database\BaseConnection->query()
#3 /home/flavioepimentel/Área de Trabalho/PDI/projeto_portfólio/example-crud-php-fullstack/system/Model.php(241): CodeIgniter\Database\BaseBuilder->get()
#4 /home/flavioepimentel/Área de Trabalho/PDI/projeto_portfólio/example-crud-php-fullstack/system/BaseModel.php(618): CodeIgniter\Model->doFindAll()
#5 /home/flavioepimentel/Área de Trabalho/PDI/projeto_portfólio/example-crud-php-fullstack/app/Controllers/User.php(20): CodeIgniter\BaseModel->findAll()
#6 /home/flavioepimentel/Área de Trabalho/PDI/projeto_portfólio/example-crud-php-fullstack/system/CodeIgniter.php(932): App\Controllers\User->getIndex()
#7 /home/flavioepimentel/Área de Trabalho/PDI/projeto_portfólio/example-crud-php-fullstack/system/CodeIgniter.php(497): CodeIgniter\CodeIgniter->runController()
#8 /home/flavioepimentel/Área de Trabalho/PDI/projeto_portfólio/example-crud-php-fullstack/system/CodeIgniter.php(366): CodeIgniter\CodeIgniter->handleRequest()
#9 /home/flavioepimentel/Área de Trabalho/PDI/projeto_portfólio/example-crud-php-fullstack/public/index.php(67): CodeIgniter\CodeIgniter->run()
#10 /home/flavioepimentel/Área de Trabalho/PDI/projeto_portfólio/example-crud-php-fullstack/system/Commands/Server/rewrite.php(47): require_once('...')
#11 {main}
CRITICAL - 2023-07-07 21:00:33 --> Unable to connect to the database.
Main connection [MySQLi]: Access denied for user '****'@'localhost'
in SYSTEMPATH/Database/BaseConnection.php on line 427.
 1 SYSTEMPATH/Database/BaseConnection.php(574): CodeIgniter\Database\BaseConnection->initialize()
 2 SYSTEMPATH/Database/BaseBuilder.php(1616): CodeIgniter\Database\BaseConnection->query()
 3 SYSTEMPATH/Model.php(241): CodeIgniter\Database\BaseBuilder->get()
 4 SYSTEMPATH/BaseModel.php(618): CodeIgniter\Model->doFindAll()
 5 APPPATH/Controllers/User.php(20): CodeIgniter\BaseModel->findAll()
 6 SYSTEMPATH/CodeIgniter.php(932): App\Controllers\User->getIndex()
 7 SYSTEMPATH/CodeIgniter.php(497): CodeIgniter\CodeIgniter->runController()
 8 SYSTEMPATH/CodeIgniter.php(366): CodeIgniter\CodeIgniter->handleRequest()
 9 FCPATH/index.php(67): CodeIgniter\CodeIgniter->run()
10 SYSTEMPATH/Commands/Server/rewrite.php(47): require_once('/home/flavioepimentel/Área de Trabalho/PDI/projeto_portfólio/example-crud-php-fullstack/public/index.php')
