CRITICAL - 2023-07-10 00:02:54 --> Array to string conversion
in SYSTEMPATH/View/View.php on line 224.
 1 SYSTEMPATH/View/View.php(224): CodeIgniter\Debug\Exceptions->errorHandler()
 2 SYSTEMPATH/View/View.php(224): include()
 3 SYSTEMPATH/View/View.php(227): CodeIgniter\View\View->CodeIgniter\View\{closure}()
 4 SYSTEMPATH/Common.php(1180): CodeIgniter\View\View->render()
 5 APPPATH/Controllers/User.php(20): view()
 6 SYSTEMPATH/CodeIgniter.php(932): App\Controllers\User->getIndex()
 7 SYSTEMPATH/CodeIgniter.php(497): CodeIgniter\CodeIgniter->runController()
 8 SYSTEMPATH/CodeIgniter.php(366): CodeIgniter\CodeIgniter->handleRequest()
 9 FCPATH/index.php(67): CodeIgniter\CodeIgniter->run()
10 SYSTEMPATH/Commands/Server/rewrite.php(47): require_once('/home/flavioepimentel/Área de Trabalho/PDI/projeto_portfólio/example-crud-php-fullstack/public/index.php')
CRITICAL - 2023-07-10 00:04:45 --> Array to string conversion
in SYSTEMPATH/View/View.php on line 224.
 1 SYSTEMPATH/View/View.php(224): CodeIgniter\Debug\Exceptions->errorHandler()
 2 SYSTEMPATH/View/View.php(224): include()
 3 SYSTEMPATH/View/View.php(227): CodeIgniter\View\View->CodeIgniter\View\{closure}()
 4 SYSTEMPATH/Common.php(1180): CodeIgniter\View\View->render()
 5 APPPATH/Controllers/User.php(20): view()
 6 SYSTEMPATH/CodeIgniter.php(932): App\Controllers\User->getIndex()
 7 SYSTEMPATH/CodeIgniter.php(497): CodeIgniter\CodeIgniter->runController()
 8 SYSTEMPATH/CodeIgniter.php(366): CodeIgniter\CodeIgniter->handleRequest()
 9 FCPATH/index.php(67): CodeIgniter\CodeIgniter->run()
10 SYSTEMPATH/Commands/Server/rewrite.php(47): require_once('/home/flavioepimentel/Área de Trabalho/PDI/projeto_portfólio/example-crud-php-fullstack/public/index.php')
CRITICAL - 2023-07-10 00:42:06 --> Array to string conversion
in SYSTEMPATH/View/View.php on line 224.
 1 SYSTEMPATH/View/View.php(224): CodeIgniter\Debug\Exceptions->errorHandler()
 2 SYSTEMPATH/View/View.php(224): include()
 3 SYSTEMPATH/View/View.php(227): CodeIgniter\View\View->CodeIgniter\View\{closure}()
 4 SYSTEMPATH/Common.php(1180): CodeIgniter\View\View->render()
 5 APPPATH/Controllers/User.php(20): view()
 6 SYSTEMPATH/CodeIgniter.php(932): App\Controllers\User->getIndex()
 7 SYSTEMPATH/CodeIgniter.php(497): CodeIgniter\CodeIgniter->runController()
 8 SYSTEMPATH/CodeIgniter.php(366): CodeIgniter\CodeIgniter->handleRequest()
 9 FCPATH/index.php(67): CodeIgniter\CodeIgniter->run()
10 SYSTEMPATH/Commands/Server/rewrite.php(47): require_once('/home/flavioepimentel/Área de Trabalho/PDI/projeto_portfólio/example-crud-php-fullstack/public/index.php')
CRITICAL - 2023-07-10 00:58:52 --> Array to string conversion
in SYSTEMPATH/View/View.php on line 224.
 1 SYSTEMPATH/View/View.php(224): CodeIgniter\Debug\Exceptions->errorHandler()
 2 SYSTEMPATH/View/View.php(224): include()
 3 SYSTEMPATH/View/View.php(227): CodeIgniter\View\View->CodeIgniter\View\{closure}()
 4 SYSTEMPATH/Common.php(1180): CodeIgniter\View\View->render()
 5 APPPATH/Controllers/User.php(20): view()
 6 SYSTEMPATH/CodeIgniter.php(932): App\Controllers\User->getIndex()
 7 SYSTEMPATH/CodeIgniter.php(497): CodeIgniter\CodeIgniter->runController()
 8 SYSTEMPATH/CodeIgniter.php(366): CodeIgniter\CodeIgniter->handleRequest()
 9 FCPATH/index.php(67): CodeIgniter\CodeIgniter->run()
10 SYSTEMPATH/Commands/Server/rewrite.php(47): require_once('/home/flavioepimentel/Área de Trabalho/PDI/projeto_portfólio/example-crud-php-fullstack/public/index.php')
CRITICAL - 2023-07-10 12:07:12 --> Array to string conversion
in SYSTEMPATH/View/View.php on line 224.
 1 SYSTEMPATH/View/View.php(224): CodeIgniter\Debug\Exceptions->errorHandler()
 2 SYSTEMPATH/View/View.php(224): include()
 3 SYSTEMPATH/View/View.php(227): CodeIgniter\View\View->CodeIgniter\View\{closure}()
 4 SYSTEMPATH/Common.php(1180): CodeIgniter\View\View->render()
 5 APPPATH/Controllers/User.php(20): view()
 6 SYSTEMPATH/CodeIgniter.php(932): App\Controllers\User->getIndex()
 7 SYSTEMPATH/CodeIgniter.php(497): CodeIgniter\CodeIgniter->runController()
 8 SYSTEMPATH/CodeIgniter.php(366): CodeIgniter\CodeIgniter->handleRequest()
 9 FCPATH/index.php(67): CodeIgniter\CodeIgniter->run()
10 SYSTEMPATH/Commands/Server/rewrite.php(47): require_once('/home/flavioepimentel/Área de Trabalho/PDI/projeto_portfólio/example-crud-php-fullstack/public/index.php')
